<?xml version="1.0" encoding="UTF-8" ?>
<testsuite tests="11" failures="0" name="AttackAndMoveTest" time="0.85" errors="11" skipped="0">
  <properties>
[...]
</properties>
  <testcase classname="AttackAndMoveTest" name="attackToolToPoint" time="0.312">
    <error message="Cannot invoke &quot;model.tools.Tool.setStoneNumber(int)&quot; because &quot;tool&quot; is null" type="java.lang.NullPointerException">java.lang.NullPointerException: Cannot invoke &quot;model.tools.Tool.setStoneNumber(int)&quot; because &quot;tool&quot; is null
	at AttackAndMoveTest.attackToolToPoint(AttackAndMoveTest.java:328)
	at java.base/jdk.internal.reflect.DirectMethodHandleAccessor.invoke(DirectMethodHandleAccessor.java:104)
	at java.base/java.lang.reflect.Method.invoke(Method.java:578)
	at org.junit.runners.model.FrameworkMethod$1.runReflectiveCall(FrameworkMethod.java:59)
	at org.junit.internal.runners.model.ReflectiveCallable.run(ReflectiveCallable.java:12)
	at org.junit.runners.model.FrameworkMethod.invokeExplosively(FrameworkMethod.java:56)
	at org.junit.internal.runners.statements.InvokeMethod.evaluate(InvokeMethod.java:17)
	at org.junit.runners.ParentRunner$3.evaluate(ParentRunner.java:306)
	at org.junit.runners.BlockJUnit4ClassRunner$1.evaluate(BlockJUnit4ClassRunner.java:100)
	at org.junit.runners.ParentRunner.runLeaf(ParentRunner.java:366)
	at org.junit.runners.BlockJUnit4ClassRunner.runChild(BlockJUnit4ClassRunner.java:103)
	at org.junit.runners.BlockJUnit4ClassRunner.runChild(BlockJUnit4ClassRunner.java:63)
	at org.junit.runners.ParentRunner$4.run(ParentRunner.java:331)
	at org.junit.runners.ParentRunner$1.schedule(ParentRunner.java:79)
	at org.junit.runners.ParentRunner.runChildren(ParentRunner.java:329)
	at org.junit.runners.ParentRunner.access$100(ParentRunner.java:66)
	at org.junit.runners.ParentRunner$2.evaluate(ParentRunner.java:293)
	at org.junit.runners.ParentRunner$3.evaluate(ParentRunner.java:306)
	at org.junit.runners.ParentRunner.run(ParentRunner.java:413)
	at org.apache.maven.surefire.junit4.JUnit4Provider.execute(JUnit4Provider.java:252)
	at org.apache.maven.surefire.junit4.JUnit4Provider.executeTestSet(JUnit4Provider.java:141)
	at org.apache.maven.surefire.junit4.JUnit4Provider.invoke(JUnit4Provider.java:112)
	at java.base/jdk.internal.reflect.DirectMethodHandleAccessor.invoke(DirectMethodHandleAccessor.java:104)
	at java.base/java.lang.reflect.Method.invoke(Method.java:578)
	at org.apache.maven.surefire.util.ReflectionUtils.invokeMethodWithArray(ReflectionUtils.java:189)
	at org.apache.maven.surefire.booter.ProviderFactory$ProviderProxy.invoke(ProviderFactory.java:165)
	at org.apache.maven.surefire.booter.ProviderFactory.invokeProvider(ProviderFactory.java:85)
	at org.apache.maven.surefire.booter.ForkedBooter.runSuitesInProcess(ForkedBooter.java:115)
	at org.apache.maven.surefire.booter.ForkedBooter.main(ForkedBooter.java:75)
</error>
    <system-out>siegeTent put for this goal successfully!
order record successfully!
</system-out>
  </testcase>
  <testcase classname="AttackAndMoveTest" name="makeToolAndMove" time="0.118">
    <error message="Cannot invoke &quot;model.activity.Move.moveOneTurn()&quot; because the return value of &quot;model.human.military.Military.getMove()&quot; is null" type="java.lang.NullPointerException">java.lang.NullPointerException: Cannot invoke &quot;model.activity.Move.moveOneTurn()&quot; because the return value of &quot;model.human.military.Military.getMove()&quot; is null
	at AttackAndMoveTest.makeToolAndMove(AttackAndMoveTest.java:201)
	at java.base/jdk.internal.reflect.DirectMethodHandleAccessor.invoke(DirectMethodHandleAccessor.java:104)
	at java.base/java.lang.reflect.Method.invoke(Method.java:578)
	at org.junit.runners.model.FrameworkMethod$1.runReflectiveCall(FrameworkMethod.java:59)
	at org.junit.internal.runners.model.ReflectiveCallable.run(ReflectiveCallable.java:12)
	at org.junit.runners.model.FrameworkMethod.invokeExplosively(FrameworkMethod.java:56)
	at org.junit.internal.runners.statements.InvokeMethod.evaluate(InvokeMethod.java:17)
	at org.junit.runners.ParentRunner$3.evaluate(ParentRunner.java:306)
	at org.junit.runners.BlockJUnit4ClassRunner$1.evaluate(BlockJUnit4ClassRunner.java:100)
	at org.junit.runners.ParentRunner.runLeaf(ParentRunner.java:366)
	at org.junit.runners.BlockJUnit4ClassRunner.runChild(BlockJUnit4ClassRunner.java:103)
	at org.junit.runners.BlockJUnit4ClassRunner.runChild(BlockJUnit4ClassRunner.java:63)
	at org.junit.runners.ParentRunner$4.run(ParentRunner.java:331)
	at org.junit.runners.ParentRunner$1.schedule(ParentRunner.java:79)
	at org.junit.runners.ParentRunner.runChildren(ParentRunner.java:329)
	at org.junit.runners.ParentRunner.access$100(ParentRunner.java:66)
	at org.junit.runners.ParentRunner$2.evaluate(ParentRunner.java:293)
	at org.junit.runners.ParentRunner$3.evaluate(ParentRunner.java:306)
	at org.junit.runners.ParentRunner.run(ParentRunner.java:413)
	at org.apache.maven.surefire.junit4.JUnit4Provider.execute(JUnit4Provider.java:252)
	at org.apache.maven.surefire.junit4.JUnit4Provider.executeTestSet(JUnit4Provider.java:141)
	at org.apache.maven.surefire.junit4.JUnit4Provider.invoke(JUnit4Provider.java:112)
	at java.base/jdk.internal.reflect.DirectMethodHandleAccessor.invoke(DirectMethodHandleAccessor.java:104)
	at java.base/java.lang.reflect.Method.invoke(Method.java:578)
	at org.apache.maven.surefire.util.ReflectionUtils.invokeMethodWithArray(ReflectionUtils.java:189)
	at org.apache.maven.surefire.booter.ProviderFactory$ProviderProxy.invoke(ProviderFactory.java:165)
	at org.apache.maven.surefire.booter.ProviderFactory.invokeProvider(ProviderFactory.java:85)
	at org.apache.maven.surefire.booter.ForkedBooter.runSuitesInProcess(ForkedBooter.java:115)
	at org.apache.maven.surefire.booter.ForkedBooter.main(ForkedBooter.java:75)
</error>
    <system-out>you can&apos;t put a tool here!
-------------------------------------------------------------------------------------------------------------------
|&amp;#27;[48;5;28m&amp;#27;[38;2;29;44;219m3&amp;#27;[0m&amp;#27;[48;5;28m&amp;#27;[38;2;29;44;219m3&amp;#27;[0m&amp;#27;[48;5;28m&amp;#27;[38;2;29;44;219m3&amp;#27;[0m&amp;#27;[48;5;28m&amp;#27;[38;2;29;44;219m3&amp;#27;[0m&amp;#27;[48;5;28m&amp;#27;[38;2;29;44;219m3&amp;#27;[0m|&amp;#27;[48;5;28m&amp;#27;[38;2;29;44;219m3&amp;#27;[0m&amp;#27;[48;5;28m&amp;#27;[38;2;29;44;219m3&amp;#27;[0m&amp;#27;[48;5;28m&amp;#27;[38;2;29;44;219m3&amp;#27;[0m&amp;#27;[48;5;28m&amp;#27;[38;2;29;44;219m3&amp;#27;[0m&amp;#27;[48;5;28m&amp;#27;[38;2;29;44;219m3&amp;#27;[0m|&amp;#27;[48;5;28m&amp;#27;[38;2;29;44;219m3&amp;#27;[0m&amp;#27;[48;5;28m&amp;#27;[38;2;29;44;219m3&amp;#27;[0m&amp;#27;[48;5;28m&amp;#27;[38;2;29;44;219m3&amp;#27;[0m&amp;#27;[48;5;28m&amp;#27;[38;2;29;44;219m3&amp;#27;[0m&amp;#27;[48;5;28m&amp;#27;[38;2;29;44;219m3&amp;#27;[0m|&amp;#27;[48;5;28m&amp;#27;[38;2;29;44;219m3&amp;#27;[0m&amp;#27;[48;5;28m&amp;#27;[38;2;29;44;219m3&amp;#27;[0m&amp;#27;[48;5;28m&amp;#27;[38;2;29;44;219m3&amp;#27;[0m&amp;#27;[48;5;28m&amp;#27;[38;2;29;44;219m3&amp;#27;[0m&amp;#27;[48;5;28m&amp;#27;[38;2;29;44;219m3&amp;#27;[0m|&amp;#27;[48;5;28m&amp;#27;[38;2;29;44;219m3&amp;#27;[0m&amp;#27;[48;5;28m&amp;#27;[38;2;29;44;219m3&amp;#27;[0m&amp;#27;[48;5;28m&amp;#27;[38;2;29;44;219m3&amp;#27;[0m&amp;#27;[48;5;28m&amp;#27;[38;2;29;44;219m3&amp;#27;[0m&amp;#27;[48;5;28m&amp;#27;[38;2;29;44;219m3&amp;#27;[0m|&amp;#27;[48;5;28m&amp;#27;[38;2;29;44;219m3&amp;#27;[0m&amp;#27;[48;5;28m&amp;#27;[38;2;29;44;219m3&amp;#27;[0m&amp;#27;[48;5;28m&amp;#27;[38;2;29;44;219m3&amp;#27;[0m&amp;#27;[48;5;28m&amp;#27;[38;2;29;44;219m3&amp;#27;[0m&amp;#27;[48;5;28m&amp;#27;[38;2;29;44;219m3&amp;#27;[0m|&amp;#27;[48;5;28m&amp;#27;[38;2;29;44;219m3&amp;#27;[0m&amp;#27;[48;5;28m&amp;#27;[38;2;29;44;219m3&amp;#27;[0m&amp;#27;[48;5;28m&amp;#27;[38;2;29;44;219m3&amp;#27;[0m&amp;#27;[48;5;28m&amp;#27;[38;2;29;44;219m3&amp;#27;[0m&amp;#27;[48;5;28m&amp;#27;[38;2;29;44;219m3&amp;#27;[0m|&amp;#27;[48;5;28m &amp;#27;[0m&amp;#27;[48;5;28m &amp;#27;[0m&amp;#27;[48;5;28m &amp;#27;[0m&amp;#27;[48;5;28m &amp;#27;[0m&amp;#27;[48;5;28m &amp;#27;[0m|&amp;#27;[48;5;28m &amp;#27;[0m&amp;#27;[48;5;28m &amp;#27;[0m&amp;#27;[48;5;28m &amp;#27;[0m&amp;#27;[48;5;28m &amp;#27;[0m&amp;#27;[48;5;28m &amp;#27;[0m|&amp;#27;[48;5;28m &amp;#27;[0m&amp;#27;[48;5;28m &amp;#27;[0m&amp;#27;[48;5;28m &amp;#27;[0m&amp;#27;[48;5;28m &amp;#27;[0m&amp;#27;[48;5;28m &amp;#27;[0m|&amp;#27;[48;5;28m &amp;#27;[0m&amp;#27;[48;5;28m &amp;#27;[0m&amp;#27;[48;5;28m &amp;#27;[0m&amp;#27;[48;5;28m &amp;#27;[0m&amp;#27;[48;5;28m &amp;#27;[0m|&amp;#27;[48;5;28m &amp;#27;[0m&amp;#27;[48;5;28m &amp;#27;[0m&amp;#27;[48;5;28m &amp;#27;[0m&amp;#27;[48;5;28m &amp;#27;[0m&amp;#27;[48;5;28m &amp;#27;[0m|&amp;#27;[48;5;28m &amp;#27;[0m&amp;#27;[48;5;28m &amp;#27;[0m&amp;#27;[48;5;28m &amp;#27;[0m&amp;#27;[48;5;28m &amp;#27;[0m&amp;#27;[48;5;28m &amp;#27;[0m|&amp;#27;[48;5;28m &amp;#27;[0m&amp;#27;[48;5;28m &amp;#27;[0m&amp;#27;[48;5;28m &amp;#27;[0m&amp;#27;[48;5;28m &amp;#27;[0m&amp;#27;[48;5;28m &amp;#27;[0m|&amp;#27;[48;5;28m &amp;#27;[0m&amp;#27;[48;5;28m &amp;#27;[0m&amp;#27;[48;5;28m &amp;#27;[0m&amp;#27;[48;5;28m &amp;#27;[0m&amp;#27;[48;5;28m &amp;#27;[0m|&amp;#27;[48;5;28m &amp;#27;[0m&amp;#27;[48;5;28m &amp;#27;[0m&amp;#27;[48;5;28m &amp;#27;[0m&amp;#27;[48;5;28m &amp;#27;[0m&amp;#27;[48;5;28m &amp;#27;[0m|&amp;#27;[48;5;28m &amp;#27;[0m&amp;#27;[48;5;28m &amp;#27;[0m&amp;#27;[48;5;28m &amp;#27;[0m&amp;#27;[48;5;28m &amp;#27;[0m&amp;#27;[48;5;28m &amp;#27;[0m|&amp;#27;[48;5;28m &amp;#27;[0m&amp;#27;[48;5;28m &amp;#27;[0m&amp;#27;[48;5;28m &amp;#27;[0m&amp;#27;[48;5;28m &amp;#27;[0m&amp;#27;[48;5;28m &amp;#27;[0m|&amp;#27;[48;5;28m &amp;#27;[0m&amp;#27;[48;5;28m &amp;#27;[0m&amp;#27;[48;5;28m &amp;#27;[0m&amp;#27;[48;5;28m &amp;#27;[0m&amp;#27;[48;5;28m &amp;#27;[0m|
|&amp;#27;[48;5;28m&amp;#27;[38;2;29;44;219m3&amp;#27;[0m&amp;#27;[48;5;28m&amp;#27;[38;2;29;44;219m3&amp;#27;[0m&amp;#27;[48;5;28m&amp;#27;[38;2;29;44;219m3&amp;#27;[0m&amp;#27;[48;5;28m&amp;#27;[38;2;29;44;219m3&amp;#27;[0m&amp;#27;[48;5;28m&amp;#27;[38;2;29;44;219m3&amp;#27;[0m|&amp;#27;[48;5;28m&amp;#27;[38;2;29;44;219m3&amp;#27;[0m&amp;#27;[48;5;28m&amp;#27;[38;2;29;44;219m3&amp;#27;[0m&amp;#27;[48;5;28m&amp;#27;[38;2;29;44;219m3&amp;#27;[0m&amp;#27;[48;5;28m&amp;#27;[38;2;29;44;219m3&amp;#27;[0m&amp;#27;[48;5;28m&amp;#27;[38;2;29;44;219m3&amp;#27;[0m|&amp;#27;[48;5;28m&amp;#27;[38;2;29;44;219m3&amp;#27;[0m&amp;#27;[48;5;28m&amp;#27;[38;2;29;44;219m3&amp;#27;[0m&amp;#27;[48;5;28m&amp;#27;[38;2;29;44;219m3&amp;#27;[0m&amp;#27;[48;5;28m&amp;#27;[38;2;29;44;219m3&amp;#27;[0m&amp;#27;[48;5;28m&amp;#27;[38;2;29;44;219m3&amp;#27;[0m|&amp;#27;[48;5;28m&amp;#27;[38;2;29;44;219m3&amp;#27;[0m&amp;#27;[48;5;28m&amp;#27;[38;2;29;44;219m3&amp;#27;[0m&amp;#27;[48;5;28m&amp;#27;[38;2;29;44;219m3&amp;#27;[0m&amp;#27;[48;5;28m&amp;#27;[38;2;29;44;219m3&amp;#27;[0m&amp;#27;[48;5;28m&amp;#27;[38;2;29;44;219m3&amp;#27;[0m|&amp;#27;[48;5;28m&amp;#27;[38;2;29;44;219m3&amp;#27;[0m&amp;#27;[48;5;28m&amp;#27;[38;2;29;44;219m3&amp;#27;[0m&amp;#27;[48;5;28m&amp;#27;[38;2;29;44;219m3&amp;#27;[0m&amp;#27;[48;5;28m&amp;#27;[38;2;29;44;219m3&amp;#27;[0m&amp;#27;[48;5;28m&amp;#27;[38;2;29;44;219m3&amp;#27;[0m|&amp;#27;[48;5;28m&amp;#27;[38;2;29;44;219m3&amp;#27;[0m&amp;#27;[48;5;28m&amp;#27;[38;2;29;44;219m3&amp;#27;[0m&amp;#27;[48;5;28m&amp;#27;[38;2;29;44;219m3&amp;#27;[0m&amp;#27;[48;5;28m&amp;#27;[38;2;29;44;219m3&amp;#27;[0m&amp;#27;[48;5;28m&amp;#27;[38;2;29;44;219m3&amp;#27;[0m|&amp;#27;[48;5;28m&amp;#27;[38;2;29;44;219m3&amp;#27;[0m&amp;#27;[48;5;28m&amp;#27;[38;2;29;44;219m3&amp;#27;[0m&amp;#27;[48;5;28m&amp;#27;[38;2;29;44;219m3&amp;#27;[0m&amp;#27;[48;5;28m&amp;#27;[38;2;29;44;219m3&amp;#27;[0m&amp;#27;[48;5;28m&amp;#27;[38;2;29;44;219m3&amp;#27;[0m|&amp;#27;[48;5;28m &amp;#27;[0m&amp;#27;[48;5;28m &amp;#27;[0m&amp;#27;[48;5;28m &amp;#27;[0m&amp;#27;[48;5;28m &amp;#27;[0m&amp;#27;[48;5;28m &amp;#27;[0m|&amp;#27;[48;5;28m &amp;#27;[0m&amp;#27;[48;5;28m &amp;#27;[0m&amp;#27;[48;5;28m &amp;#27;[0m&amp;#27;[48;5;28m &amp;#27;[0m&amp;#27;[48;5;28m &amp;#27;[0m|&amp;#27;[48;5;28m &amp;#27;[0m&amp;#27;[48;5;28m &amp;#27;[0m&amp;#27;[48;5;28m &amp;#27;[0m&amp;#27;[48;5;28m &amp;#27;[0m&amp;#27;[48;5;28m &amp;#27;[0m|&amp;#27;[48;5;28m &amp;#27;[0m&amp;#27;[48;5;28m &amp;#27;[0m&amp;#27;[48;5;28m &amp;#27;[0m&amp;#27;[48;5;28m &amp;#27;[0m&amp;#27;[48;5;28m &amp;#27;[0m|&amp;#27;[48;5;28m &amp;#27;[0m&amp;#27;[48;5;28m &amp;#27;[0m&amp;#27;[48;5;28m &amp;#27;[0m&amp;#27;[48;5;28m &amp;#27;[0m&amp;#27;[48;5;28m &amp;#27;[0m|&amp;#27;[48;5;28m &amp;#27;[0m&amp;#27;[48;5;28m &amp;#27;[0m&amp;#27;[48;5;28m &amp;#27;[0m&amp;#27;[48;5;28m &amp;#27;[0m&amp;#27;[48;5;28m &amp;#27;[0m|&amp;#27;[48;5;28m &amp;#27;[0m&amp;#27;[48;5;28m &amp;#27;[0m&amp;#27;[48;5;28m &amp;#27;[0m&amp;#27;[48;5;28m &amp;#27;[0m&amp;#27;[48;5;28m &amp;#27;[0m|&amp;#27;[48;5;28m &amp;#27;[0m&amp;#27;[48;5;28m &amp;#27;[0m&amp;#27;[48;5;28m &amp;#27;[0m&amp;#27;[48;5;28m &amp;#27;[0m&amp;#27;[48;5;28m &amp;#27;[0m|&amp;#27;[48;5;28m &amp;#27;[0m&amp;#27;[48;5;28m &amp;#27;[0m&amp;#27;[48;5;28m &amp;#27;[0m&amp;#27;[48;5;28m &amp;#27;[0m&amp;#27;[48;5;28m &amp;#27;[0m|&amp;#27;[48;5;28m &amp;#27;[0m&amp;#27;[48;5;28m &amp;#27;[0m&amp;#27;[48;5;28m &amp;#27;[0m&amp;#27;[48;5;28m &amp;#27;[0m&amp;#27;[48;5;28m &amp;#27;[0m|&amp;#27;[48;5;28m &amp;#27;[0m&amp;#27;[48;5;28m &amp;#27;[0m&amp;#27;[48;5;28m &amp;#27;[0m&amp;#27;[48;5;28m &amp;#27;[0m&amp;#27;[48;5;28m &amp;#27;[0m|&amp;#27;[48;5;28m &amp;#27;[0m&amp;#27;[48;5;28m &amp;#27;[0m&amp;#27;[48;5;28m &amp;#27;[0m&amp;#27;[48;5;28m &amp;#27;[0m&amp;#27;[48;5;28m &amp;#27;[0m|
-------------------------------------------------------------------------------------------------------------------
|&amp;#27;[48;5;28m&amp;#27;[38;2;29;44;219m3&amp;#27;[0m&amp;#27;[48;5;28m&amp;#27;[38;2;29;44;219m3&amp;#27;[0m&amp;#27;[48;5;28m&amp;#27;[38;2;29;44;219m3&amp;#27;[0m&amp;#27;[48;5;28m&amp;#27;[38;2;29;44;219m3&amp;#27;[0m&amp;#27;[48;5;28m&amp;#27;[38;2;29;44;219m3&amp;#27;[0m|&amp;#27;[48;5;28mR&amp;#27;[0m&amp;#27;[48;5;28mR&amp;#27;[0m&amp;#27;[48;5;28mR&amp;#27;[0m&amp;#27;[48;5;28mR&amp;#27;[0m&amp;#27;[48;5;28mR&amp;#27;[0m|&amp;#27;[48;5;28m &amp;#27;[0m&amp;#27;[48;5;28m &amp;#27;[0m&amp;#27;[48;5;28m &amp;#27;[0m&amp;#27;[48;5;28m &amp;#27;[0m&amp;#27;[48;5;28m &amp;#27;[0m|&amp;#27;[48;5;28m &amp;#27;[0m&amp;#27;[48;5;28m &amp;#27;[0m&amp;#27;[48;5;28m &amp;#27;[0m&amp;#27;[48;5;28m &amp;#27;[0m&amp;#27;[48;5;28m &amp;#27;[0m|&amp;#27;[48;5;28m &amp;#27;[0m&amp;#27;[48;5;28m &amp;#27;[0m&amp;#27;[48;5;28m &amp;#27;[0m&amp;#27;[48;5;28m &amp;#27;[0m&amp;#27;[48;5;28m &amp;#27;[0m|&amp;#27;[48;5;28m&amp;#27;[38;2;29;44;219mB&amp;#27;[0m&amp;#27;[48;5;28m&amp;#27;[38;2;29;44;219mB&amp;#27;[0m&amp;#27;[48;5;28m&amp;#27;[38;2;29;44;219mB&amp;#27;[0m&amp;#27;[48;5;28m&amp;#27;[38;2;29;44;219mB&amp;#27;[0m&amp;#27;[48;5;28m&amp;#27;[38;2;29;44;219mB&amp;#27;[0m|&amp;#27;[48;5;28m&amp;#27;[38;2;29;44;219mB&amp;#27;[0m&amp;#27;[48;5;28m&amp;#27;[38;2;29;44;219mB&amp;#27;[0m&amp;#27;[48;5;28m&amp;#27;[38;2;29;44;219mB&amp;#27;[0m&amp;#27;[48;5;28m&amp;#27;[38;2;29;44;219mB&amp;#27;[0m&amp;#27;[48;5;28m&amp;#27;[38;2;29;44;219mB&amp;#27;[0m|&amp;#27;[48;5;28m&amp;#27;[38;2;29;44;219mB&amp;#27;[0m&amp;#27;[48;5;28m&amp;#27;[38;2;29;44;219mB&amp;#27;[0m&amp;#27;[48;5;28m&amp;#27;[38;2;29;44;219mB&amp;#27;[0m&amp;#27;[48;5;28m&amp;#27;[38;2;29;44;219mB&amp;#27;[0m&amp;#27;[48;5;28m&amp;#27;[38;2;29;44;219mB&amp;#27;[0m|&amp;#27;[48;5;28m &amp;#27;[0m&amp;#27;[48;5;28m &amp;#27;[0m&amp;#27;[48;5;28m &amp;#27;[0m&amp;#27;[48;5;28m &amp;#27;[0m&amp;#27;[48;5;28m &amp;#27;[0m|&amp;#27;[48;5;28m &amp;#27;[0m&amp;#27;[48;5;28m &amp;#27;[0m&amp;#27;[48;5;28m &amp;#27;[0m&amp;#27;[48;5;28m &amp;#27;[0m&amp;#27;[48;5;28m &amp;#27;[0m|&amp;#27;[48;5;28m &amp;#27;[0m&amp;#27;[48;5;28m &amp;#27;[0m&amp;#27;[48;5;28m &amp;#27;[0m&amp;#27;[48;5;28m &amp;#27;[0m&amp;#27;[48;5;28m &amp;#27;[0m|&amp;#27;[48;5;28m &amp;#27;[0m&amp;#27;[48;5;28m &amp;#27;[0m&amp;#27;[48;5;28m &amp;#27;[0m&amp;#27;[48;5;28m &amp;#27;[0m&amp;#27;[48;5;28m &amp;#27;[0m|&amp;#27;[48;5;28m &amp;#27;[0m&amp;#27;[48;5;28m &amp;#27;[0m&amp;#27;[48;5;28m &amp;#27;[0m&amp;#27;[48;5;28m &amp;#27;[0m&amp;#27;[48;5;28m &amp;#27;[0m|&amp;#27;[48;5;28m &amp;#27;[0m&amp;#27;[48;5;28m &amp;#27;[0m&amp;#27;[48;5;28m &amp;#27;[0m&amp;#27;[48;5;28m &amp;#27;[0m&amp;#27;[48;5;28m &amp;#27;[0m|&amp;#27;[48;5;28m &amp;#27;[0m&amp;#27;[48;5;28m &amp;#27;[0m&amp;#27;[48;5;28m &amp;#27;[0m&amp;#27;[48;5;28m &amp;#27;[0m&amp;#27;[48;5;28m &amp;#27;[0m|&amp;#27;[48;5;28m &amp;#27;[0m&amp;#27;[48;5;28m &amp;#27;[0m&amp;#27;[48;5;28m &amp;#27;[0m&amp;#27;[48;5;28m &amp;#27;[0m&amp;#27;[48;5;28m &amp;#27;[0m|&amp;#27;[48;5;28m &amp;#27;[0m&amp;#27;[48;5;28m &amp;#27;[0m&amp;#27;[48;5;28m &amp;#27;[0m&amp;#27;[48;5;28m &amp;#27;[0m&amp;#27;[48;5;28m &amp;#27;[0m|&amp;#27;[48;5;28m &amp;#27;[0m&amp;#27;[48;5;28m &amp;#27;[0m&amp;#27;[48;5;28m &amp;#27;[0m&amp;#27;[48;5;28m &amp;#27;[0m&amp;#27;[48;5;28m &amp;#27;[0m|&amp;#27;[48;5;28m &amp;#27;[0m&amp;#27;[48;5;28m &amp;#27;[0m&amp;#27;[48;5;28m &amp;#27;[0m&amp;#27;[48;5;28m &amp;#27;[0m&amp;#27;[48;5;28m &amp;#27;[0m|
|&amp;#27;[48;5;28m&amp;#27;[38;2;29;44;219m3&amp;#27;[0m&amp;#27;[48;5;28m&amp;#27;[38;2;29;44;219m3&amp;#27;[0m&amp;#27;[48;5;28m&amp;#27;[38;2;29;44;219m3&amp;#27;[0m&amp;#27;[48;5;28m&amp;#27;[38;2;29;44;219m3&amp;#27;[0m&amp;#27;[48;5;28m&amp;#27;[38;2;29;44;219m3&amp;#27;[0m|&amp;#27;[48;5;28mR&amp;#27;[0m&amp;#27;[48;5;28mR&amp;#27;[0m&amp;#27;[48;5;28mR&amp;#27;[0m&amp;#27;[48;5;28mR&amp;#27;[0m&amp;#27;[48;5;28mR&amp;#27;[0m|&amp;#27;[48;5;28m &amp;#27;[0m&amp;#27;[48;5;28m &amp;#27;[0m&amp;#27;[48;5;28m &amp;#27;[0m&amp;#27;[48;5;28m &amp;#27;[0m&amp;#27;[48;5;28m &amp;#27;[0m|&amp;#27;[48;5;28m &amp;#27;[0m&amp;#27;[48;5;28m &amp;#27;[0m&amp;#27;[48;5;28m &amp;#27;[0m&amp;#27;[48;5;28m &amp;#27;[0m&amp;#27;[48;5;28m &amp;#27;[0m|&amp;#27;[48;5;28m &amp;#27;[0m&amp;#27;[48;5;28m &amp;#27;[0m&amp;#27;[48;5;28m &amp;#27;[0m&amp;#27;[48;5;28m &amp;#27;[0m&amp;#27;[48;5;28m &amp;#27;[0m|&amp;#27;[48;5;28m&amp;#27;[38;2;29;44;219mB&amp;#27;[0m&amp;#27;[48;5;28m&amp;#27;[38;2;29;44;219mB&amp;#27;[0m&amp;#27;[48;5;28m&amp;#27;[38;2;29;44;219mB&amp;#27;[0m&amp;#27;[48;5;28m&amp;#27;[38;2;29;44;219mB&amp;#27;[0m&amp;#27;[48;5;28m&amp;#27;[38;2;29;44;219mB&amp;#27;[0m|&amp;#27;[48;5;28m&amp;#27;[38;2;29;44;219mB&amp;#27;[0m&amp;#27;[48;5;28m&amp;#27;[38;2;29;44;219mB&amp;#27;[0m&amp;#27;[48;5;28m&amp;#27;[38;2;29;44;219mB&amp;#27;[0m&amp;#27;[48;5;28m&amp;#27;[38;2;29;44;219mB&amp;#27;[0m&amp;#27;[48;5;28m&amp;#27;[38;2;29;44;219mB&amp;#27;[0m|&amp;#27;[48;5;28m&amp;#27;[38;2;29;44;219mB&amp;#27;[0m&amp;#27;[48;5;28m&amp;#27;[38;2;29;44;219mB&amp;#27;[0m&amp;#27;[48;5;28m&amp;#27;[38;2;29;44;219mB&amp;#27;[0m&amp;#27;[48;5;28m&amp;#27;[38;2;29;44;219mB&amp;#27;[0m&amp;#27;[48;5;28m&amp;#27;[38;2;29;44;219mB&amp;#27;[0m|&amp;#27;[48;5;28m &amp;#27;[0m&amp;#27;[48;5;28m &amp;#27;[0m&amp;#27;[48;5;28m &amp;#27;[0m&amp;#27;[48;5;28m &amp;#27;[0m&amp;#27;[48;5;28m &amp;#27;[0m|&amp;#27;[48;5;28m &amp;#27;[0m&amp;#27;[48;5;28m &amp;#27;[0m&amp;#27;[48;5;28m &amp;#27;[0m&amp;#27;[48;5;28m &amp;#27;[0m&amp;#27;[48;5;28m &amp;#27;[0m|&amp;#27;[48;5;28m &amp;#27;[0m&amp;#27;[48;5;28m &amp;#27;[0m&amp;#27;[48;5;28m &amp;#27;[0m&amp;#27;[48;5;28m &amp;#27;[0m&amp;#27;[48;5;28m &amp;#27;[0m|&amp;#27;[48;5;28m &amp;#27;[0m&amp;#27;[48;5;28m &amp;#27;[0m&amp;#27;[48;5;28m &amp;#27;[0m&amp;#27;[48;5;28m &amp;#27;[0m&amp;#27;[48;5;28m &amp;#27;[0m|&amp;#27;[48;5;28m &amp;#27;[0m&amp;#27;[48;5;28m &amp;#27;[0m&amp;#27;[48;5;28m &amp;#27;[0m&amp;#27;[48;5;28m &amp;#27;[0m&amp;#27;[48;5;28m &amp;#27;[0m|&amp;#27;[48;5;28m &amp;#27;[0m&amp;#27;[48;5;28m &amp;#27;[0m&amp;#27;[48;5;28m &amp;#27;[0m&amp;#27;[48;5;28m &amp;#27;[0m&amp;#27;[48;5;28m &amp;#27;[0m|&amp;#27;[48;5;28m &amp;#27;[0m&amp;#27;[48;5;28m &amp;#27;[0m&amp;#27;[48;5;28m &amp;#27;[0m&amp;#27;[48;5;28m &amp;#27;[0m&amp;#27;[48;5;28m &amp;#27;[0m|&amp;#27;[48;5;28m &amp;#27;[0m&amp;#27;[48;5;28m &amp;#27;[0m&amp;#27;[48;5;28m &amp;#27;[0m&amp;#27;[48;5;28m &amp;#27;[0m&amp;#27;[48;5;28m &amp;#27;[0m|&amp;#27;[48;5;28m &amp;#27;[0m&amp;#27;[48;5;28m &amp;#27;[0m&amp;#27;[48;5;28m &amp;#27;[0m&amp;#27;[48;5;28m &amp;#27;[0m&amp;#27;[48;5;28m &amp;#27;[0m|&amp;#27;[48;5;28m &amp;#27;[0m&amp;#27;[48;5;28m &amp;#27;[0m&amp;#27;[48;5;28m &amp;#27;[0m&amp;#27;[48;5;28m &amp;#27;[0m&amp;#27;[48;5;28m &amp;#27;[0m|&amp;#27;[48;5;28m &amp;#27;[0m&amp;#27;[48;5;28m &amp;#27;[0m&amp;#27;[48;5;28m &amp;#27;[0m&amp;#27;[48;5;28m &amp;#27;[0m&amp;#27;[48;5;28m &amp;#27;[0m|
-------------------------------------------------------------------------------------------------------------------
|&amp;#27;[48;5;28m&amp;#27;[38;2;29;44;219m3&amp;#27;[0m&amp;#27;[48;5;28m&amp;#27;[38;2;29;44;219m3&amp;#27;[0m&amp;#27;[48;5;28m&amp;#27;[38;2;29;44;219m3&amp;#27;[0m&amp;#27;[48;5;28m&amp;#27;[38;2;29;44;219m3&amp;#27;[0m&amp;#27;[48;5;28m&amp;#27;[38;2;29;44;219m3&amp;#27;[0m|&amp;#27;[48;5;28m &amp;#27;[0m&amp;#27;[48;5;28m &amp;#27;[0m&amp;#27;[48;5;28m &amp;#27;[0m&amp;#27;[48;5;28m &amp;#27;[0m&amp;#27;[48;5;28m &amp;#27;[0m|&amp;#27;[48;5;28m &amp;#27;[0m&amp;#27;[48;5;28m &amp;#27;[0m&amp;#27;[48;5;28m &amp;#27;[0m&amp;#27;[48;5;28m &amp;#27;[0m&amp;#27;[48;5;28m &amp;#27;[0m|&amp;#27;[48;5;28m &amp;#27;[0m&amp;#27;[48;5;28m &amp;#27;[0m&amp;#27;[48;5;28m &amp;#27;[0m&amp;#27;[48;5;28m &amp;#27;[0m&amp;#27;[48;5;28m &amp;#27;[0m|&amp;#27;[48;5;28m &amp;#27;[0m&amp;#27;[48;5;28m &amp;#27;[0m&amp;#27;[48;5;28m &amp;#27;[0m&amp;#27;[48;5;28m &amp;#27;[0m&amp;#27;[48;5;28m &amp;#27;[0m|&amp;#27;[48;5;28m&amp;#27;[38;2;29;44;219mB&amp;#27;[0m&amp;#27;[48;5;28m&amp;#27;[38;2;29;44;219mB&amp;#27;[0m&amp;#27;[48;5;28m&amp;#27;[38;2;29;44;219mB&amp;#27;[0m&amp;#27;[48;5;28m&amp;#27;[38;2;29;44;219mB&amp;#27;[0m&amp;#27;[48;5;28m&amp;#27;[38;2;29;44;219mB&amp;#27;[0m|&amp;#27;[48;5;28m&amp;#27;[38;2;29;44;219mB&amp;#27;[0m&amp;#27;[48;5;28m&amp;#27;[38;2;29;44;219mB&amp;#27;[0m&amp;#27;[48;5;28m&amp;#27;[38;2;29;44;219mB&amp;#27;[0m&amp;#27;[48;5;28m&amp;#27;[38;2;29;44;219mB&amp;#27;[0m&amp;#27;[48;5;28m&amp;#27;[38;2;29;44;219mB&amp;#27;[0m|&amp;#27;[48;5;28m&amp;#27;[38;2;29;44;219mB&amp;#27;[0m&amp;#27;[48;5;28m&amp;#27;[38;2;29;44;219mB&amp;#27;[0m&amp;#27;[48;5;28m&amp;#27;[38;2;29;44;219mB&amp;#27;[0m&amp;#27;[48;5;28m&amp;#27;[38;2;29;44;219mB&amp;#27;[0m&amp;#27;[48;5;28m&amp;#27;[38;2;29;44;219mB&amp;#27;[0m|&amp;#27;[48;5;28m &amp;#27;[0m&amp;#27;[48;5;28m &amp;#27;[0m&amp;#27;[48;5;28m &amp;#27;[0m&amp;#27;[48;5;28m &amp;#27;[0m&amp;#27;[48;5;28m &amp;#27;[0m|&amp;#27;[48;5;28m &amp;#27;[0m&amp;#27;[48;5;28m &amp;#27;[0m&amp;#27;[48;5;28m &amp;#27;[0m&amp;#27;[48;5;28m &amp;#27;[0m&amp;#27;[48;5;28m &amp;#27;[0m|&amp;#27;[48;5;28m &amp;#27;[0m&amp;#27;[48;5;28m &amp;#27;[0m&amp;#27;[48;5;28m &amp;#27;[0m&amp;#27;[48;5;28m &amp;#27;[0m&amp;#27;[48;5;28m &amp;#27;[0m|&amp;#27;[48;5;28m &amp;#27;[0m&amp;#27;[48;5;28m &amp;#27;[0m&amp;#27;[48;5;28m &amp;#27;[0m&amp;#27;[48;5;28m &amp;#27;[0m&amp;#27;[48;5;28m &amp;#27;[0m|&amp;#27;[48;5;28m &amp;#27;[0m&amp;#27;[48;5;28m &amp;#27;[0m&amp;#27;[48;5;28m &amp;#27;[0m&amp;#27;[48;5;28m &amp;#27;[0m&amp;#27;[48;5;28m &amp;#27;[0m|&amp;#27;[48;5;28m &amp;#27;[0m&amp;#27;[48;5;28m &amp;#27;[0m&amp;#27;[48;5;28m &amp;#27;[0m&amp;#27;[48;5;28m &amp;#27;[0m&amp;#27;[48;5;28m &amp;#27;[0m|&amp;#27;[48;5;28m &amp;#27;[0m&amp;#27;[48;5;28m &amp;#27;[0m&amp;#27;[48;5;28m &amp;#27;[0m&amp;#27;[48;5;28m &amp;#27;[0m&amp;#27;[48;5;28m &amp;#27;[0m|&amp;#27;[48;5;28m &amp;#27;[0m&amp;#27;[48;5;28m &amp;#27;[0m&amp;#27;[48;5;28m &amp;#27;[0m&amp;#27;[48;5;28m &amp;#27;[0m&amp;#27;[48;5;28m &amp;#27;[0m|&amp;#27;[48;5;28m &amp;#27;[0m&amp;#27;[48;5;28m &amp;#27;[0m&amp;#27;[48;5;28m &amp;#27;[0m&amp;#27;[48;5;28m &amp;#27;[0m&amp;#27;[48;5;28m &amp;#27;[0m|&amp;#27;[48;5;28m &amp;#27;[0m&amp;#27;[48;5;28m &amp;#27;[0m&amp;#27;[48;5;28m &amp;#27;[0m&amp;#27;[48;5;28m &amp;#27;[0m&amp;#27;[48;5;28m &amp;#27;[0m|&amp;#27;[48;5;28m &amp;#27;[0m&amp;#27;[48;5;28m &amp;#27;[0m&amp;#27;[48;5;28m &amp;#27;[0m&amp;#27;[48;5;28m &amp;#27;[0m&amp;#27;[48;5;28m &amp;#27;[0m|
|&amp;#27;[48;5;28m&amp;#27;[38;2;29;44;219m3&amp;#27;[0m&amp;#27;[48;5;28m&amp;#27;[38;2;29;44;219m3&amp;#27;[0m&amp;#27;[48;5;28m&amp;#27;[38;2;29;44;219m3&amp;#27;[0m&amp;#27;[48;5;28m&amp;#27;[38;2;29;44;219m3&amp;#27;[0m&amp;#27;[48;5;28m&amp;#27;[38;2;29;44;219m3&amp;#27;[0m|&amp;#27;[48;5;28m &amp;#27;[0m&amp;#27;[48;5;28m &amp;#27;[0m&amp;#27;[48;5;28m &amp;#27;[0m&amp;#27;[48;5;28m &amp;#27;[0m&amp;#27;[48;5;28m &amp;#27;[0m|&amp;#27;[48;5;28m &amp;#27;[0m&amp;#27;[48;5;28m &amp;#27;[0m&amp;#27;[48;5;28m &amp;#27;[0m&amp;#27;[48;5;28m &amp;#27;[0m&amp;#27;[48;5;28m &amp;#27;[0m|&amp;#27;[48;5;28m &amp;#27;[0m&amp;#27;[48;5;28m &amp;#27;[0m&amp;#27;[48;5;28m &amp;#27;[0m&amp;#27;[48;5;28m &amp;#27;[0m&amp;#27;[48;5;28m &amp;#27;[0m|&amp;#27;[48;5;28m &amp;#27;[0m&amp;#27;[48;5;28m &amp;#27;[0m&amp;#27;[48;5;28m &amp;#27;[0m&amp;#27;[48;5;28m &amp;#27;[0m&amp;#27;[48;5;28m &amp;#27;[0m|&amp;#27;[48;5;28m&amp;#27;[38;2;29;44;219mB&amp;#27;[0m&amp;#27;[48;5;28m&amp;#27;[38;2;29;44;219mB&amp;#27;[0m&amp;#27;[48;5;28m&amp;#27;[38;2;29;44;219mB&amp;#27;[0m&amp;#27;[48;5;28m&amp;#27;[38;2;29;44;219mB&amp;#27;[0m&amp;#27;[48;5;28m&amp;#27;[38;2;29;44;219mB&amp;#27;[0m|&amp;#27;[48;5;28m&amp;#27;[38;2;29;44;219mB&amp;#27;[0m&amp;#27;[48;5;28m&amp;#27;[38;2;29;44;219mB&amp;#27;[0m&amp;#27;[48;5;28m&amp;#27;[38;2;29;44;219mB&amp;#27;[0m&amp;#27;[48;5;28m&amp;#27;[38;2;29;44;219mB&amp;#27;[0m&amp;#27;[48;5;28m&amp;#27;[38;2;29;44;219mB&amp;#27;[0m|&amp;#27;[48;5;28m&amp;#27;[38;2;29;44;219mB&amp;#27;[0m&amp;#27;[48;5;28m&amp;#27;[38;2;29;44;219mB&amp;#27;[0m&amp;#27;[48;5;28m&amp;#27;[38;2;29;44;219mB&amp;#27;[0m&amp;#27;[48;5;28m&amp;#27;[38;2;29;44;219mB&amp;#27;[0m&amp;#27;[48;5;28m&amp;#27;[38;2;29;44;219mB&amp;#27;[0m|&amp;#27;[48;5;28m &amp;#27;[0m&amp;#27;[48;5;28m &amp;#27;[0m&amp;#27;[48;5;28m &amp;#27;[0m&amp;#27;[48;5;28m &amp;#27;[0m&amp;#27;[48;5;28m &amp;#27;[0m|&amp;#27;[48;5;28m &amp;#27;[0m&amp;#27;[48;5;28m &amp;#27;[0m&amp;#27;[48;5;28m &amp;#27;[0m&amp;#27;[48;5;28m &amp;#27;[0m&amp;#27;[48;5;28m &amp;#27;[0m|&amp;#27;[48;5;28m &amp;#27;[0m&amp;#27;[48;5;28m &amp;#27;[0m&amp;#27;[48;5;28m &amp;#27;[0m&amp;#27;[48;5;28m &amp;#27;[0m&amp;#27;[48;5;28m &amp;#27;[0m|&amp;#27;[48;5;28m &amp;#27;[0m&amp;#27;[48;5;28m &amp;#27;[0m&amp;#27;[48;5;28m &amp;#27;[0m&amp;#27;[48;5;28m &amp;#27;[0m&amp;#27;[48;5;28m &amp;#27;[0m|&amp;#27;[48;5;28m &amp;#27;[0m&amp;#27;[48;5;28m &amp;#27;[0m&amp;#27;[48;5;28m &amp;#27;[0m&amp;#27;[48;5;28m &amp;#27;[0m&amp;#27;[48;5;28m &amp;#27;[0m|&amp;#27;[48;5;28m &amp;#27;[0m&amp;#27;[48;5;28m &amp;#27;[0m&amp;#27;[48;5;28m &amp;#27;[0m&amp;#27;[48;5;28m &amp;#27;[0m&amp;#27;[48;5;28m &amp;#27;[0m|&amp;#27;[48;5;28m &amp;#27;[0m&amp;#27;[48;5;28m &amp;#27;[0m&amp;#27;[48;5;28m &amp;#27;[0m&amp;#27;[48;5;28m &amp;#27;[0m&amp;#27;[48;5;28m &amp;#27;[0m|&amp;#27;[48;5;28m &amp;#27;[0m&amp;#27;[48;5;28m &amp;#27;[0m&amp;#27;[48;5;28m &amp;#27;[0m&amp;#27;[48;5;28m &amp;#27;[0m&amp;#27;[48;5;28m &amp;#27;[0m|&amp;#27;[48;5;28m &amp;#27;[0m&amp;#27;[48;5;28m &amp;#27;[0m&amp;#27;[48;5;28m &amp;#27;[0m&amp;#27;[48;5;28m &amp;#27;[0m&amp;#27;[48;5;28m &amp;#27;[0m|&amp;#27;[48;5;28m &amp;#27;[0m&amp;#27;[48;5;28m &amp;#27;[0m&amp;#27;[48;5;28m &amp;#27;[0m&amp;#27;[48;5;28m &amp;#27;[0m&amp;#27;[48;5;28m &amp;#27;[0m|&amp;#27;[48;5;28m &amp;#27;[0m&amp;#27;[48;5;28m &amp;#27;[0m&amp;#27;[48;5;28m &amp;#27;[0m&amp;#27;[48;5;28m &amp;#27;[0m&amp;#27;[48;5;28m &amp;#27;[0m|
-------------------------------------------------------------------------------------------------------------------
|&amp;#27;[48;5;28m&amp;#27;[38;2;29;44;219m3&amp;#27;[0m&amp;#27;[48;5;28m&amp;#27;[38;2;29;44;219m3&amp;#27;[0m&amp;#27;[48;5;28m&amp;#27;[38;2;29;44;219m3&amp;#27;[0m&amp;#27;[48;5;28m&amp;#27;[38;2;29;44;219m3&amp;#27;[0m&amp;#27;[48;5;28m&amp;#27;[38;2;29;44;219m3&amp;#27;[0m|&amp;#27;[48;5;28m &amp;#27;[0m&amp;#27;[48;5;28m &amp;#27;[0m&amp;#27;[48;5;28m &amp;#27;[0m&amp;#27;[48;5;28m &amp;#27;[0m&amp;#27;[48;5;28m &amp;#27;[0m|&amp;#27;[48;5;28m &amp;#27;[0m&amp;#27;[48;5;28m &amp;#27;[0m&amp;#27;[48;5;28m &amp;#27;[0m&amp;#27;[48;5;28m &amp;#27;[0m&amp;#27;[48;5;28m &amp;#27;[0m|&amp;#27;[48;5;28m &amp;#27;[0m&amp;#27;[48;5;28m &amp;#27;[0m&amp;#27;[48;5;28m &amp;#27;[0m&amp;#27;[48;5;28m &amp;#27;[0m&amp;#27;[48;5;28m &amp;#27;[0m|&amp;#27;[48;5;28m &amp;#27;[0m&amp;#27;[48;5;28m &amp;#27;[0m&amp;#27;[48;5;28m &amp;#27;[0m&amp;#27;[48;5;28m &amp;#27;[0m&amp;#27;[48;5;28m &amp;#27;[0m|&amp;#27;[48;5;28m&amp;#27;[38;2;29;44;219mB&amp;#27;[0m&amp;#27;[48;5;28m&amp;#27;[38;2;29;44;219mB&amp;#27;[0m&amp;#27;[48;5;28m&amp;#27;[38;2;29;44;219mB&amp;#27;[0m&amp;#27;[48;5;28m&amp;#27;[38;2;29;44;219mB&amp;#27;[0m&amp;#27;[48;5;28m&amp;#27;[38;2;29;44;219mB&amp;#27;[0m|&amp;#27;[48;5;28m&amp;#27;[38;2;29;44;219mB&amp;#27;[0m&amp;#27;[48;5;28m&amp;#27;[38;2;29;44;219mB&amp;#27;[0m&amp;#27;[48;5;28m&amp;#27;[38;2;29;44;219mB&amp;#27;[0m&amp;#27;[48;5;28m&amp;#27;[38;2;29;44;219mB&amp;#27;[0m&amp;#27;[48;5;28m&amp;#27;[38;2;29;44;219mB&amp;#27;[0m|&amp;#27;[48;5;28m&amp;#27;[38;2;29;44;219mB&amp;#27;[0m&amp;#27;[48;5;28m&amp;#27;[38;2;29;44;219mB&amp;#27;[0m&amp;#27;[48;5;28m&amp;#27;[38;2;29;44;219mB&amp;#27;[0m&amp;#27;[48;5;28m&amp;#27;[38;2;29;44;219mB&amp;#27;[0m&amp;#27;[48;5;28m&amp;#27;[38;2;29;44;219mB&amp;#27;[0m|&amp;#27;[48;5;28m &amp;#27;[0m&amp;#27;[48;5;28m &amp;#27;[0m&amp;#27;[48;5;28m &amp;#27;[0m&amp;#27;[48;5;28m &amp;#27;[0m&amp;#27;[48;5;28m &amp;#27;[0m|&amp;#27;[48;5;28m &amp;#27;[0m&amp;#27;[48;5;28m &amp;#27;[0m&amp;#27;[48;5;28m &amp;#27;[0m&amp;#27;[48;5;28m &amp;#27;[0m&amp;#27;[48;5;28m &amp;#27;[0m|&amp;#27;[48;5;28m &amp;#27;[0m&amp;#27;[48;5;28m &amp;#27;[0m&amp;#27;[48;5;28m &amp;#27;[0m&amp;#27;[48;5;28m &amp;#27;[0m&amp;#27;[48;5;28m &amp;#27;[0m|&amp;#27;[48;5;28m &amp;#27;[0m&amp;#27;[48;5;28m &amp;#27;[0m&amp;#27;[48;5;28m &amp;#27;[0m&amp;#27;[48;5;28m &amp;#27;[0m&amp;#27;[48;5;28m &amp;#27;[0m|&amp;#27;[48;5;28m &amp;#27;[0m&amp;#27;[48;5;28m &amp;#27;[0m&amp;#27;[48;5;28m &amp;#27;[0m&amp;#27;[48;5;28m &amp;#27;[0m&amp;#27;[48;5;28m &amp;#27;[0m|&amp;#27;[48;5;28m &amp;#27;[0m&amp;#27;[48;5;28m &amp;#27;[0m&amp;#27;[48;5;28m &amp;#27;[0m&amp;#27;[48;5;28m &amp;#27;[0m&amp;#27;[48;5;28m &amp;#27;[0m|&amp;#27;[48;5;28m &amp;#27;[0m&amp;#27;[48;5;28m &amp;#27;[0m&amp;#27;[48;5;28m &amp;#27;[0m&amp;#27;[48;5;28m &amp;#27;[0m&amp;#27;[48;5;28m &amp;#27;[0m|&amp;#27;[48;5;28m &amp;#27;[0m&amp;#27;[48;5;28m &amp;#27;[0m&amp;#27;[48;5;28m &amp;#27;[0m&amp;#27;[48;5;28m &amp;#27;[0m&amp;#27;[48;5;28m &amp;#27;[0m|&amp;#27;[48;5;28m &amp;#27;[0m&amp;#27;[48;5;28m &amp;#27;[0m&amp;#27;[48;5;28m &amp;#27;[0m&amp;#27;[48;5;28m &amp;#27;[0m&amp;#27;[48;5;28m &amp;#27;[0m|&amp;#27;[48;5;28m &amp;#27;[0m&amp;#27;[48;5;28m &amp;#27;[0m&amp;#27;[48;5;28m &amp;#27;[0m&amp;#27;[48;5;28m &amp;#27;[0m&amp;#27;[48;5;28m &amp;#27;[0m|&amp;#27;[48;5;28m &amp;#27;[0m&amp;#27;[48;5;28m &amp;#27;[0m&amp;#27;[48;5;28m &amp;#27;[0m&amp;#27;[48;5;28m &amp;#27;[0m&amp;#27;[48;5;28m &amp;#27;[0m|
|&amp;#27;[48;5;28m&amp;#27;[38;2;29;44;219m3&amp;#27;[0m&amp;#27;[48;5;28m&amp;#27;[38;2;29;44;219m3&amp;#27;[0m&amp;#27;[48;5;28m&amp;#27;[38;2;29;44;219m3&amp;#27;[0m&amp;#27;[48;5;28m&amp;#27;[38;2;29;44;219m3&amp;#27;[0m&amp;#27;[48;5;28m&amp;#27;[38;2;29;44;219m3&amp;#27;[0m|&amp;#27;[48;5;28m &amp;#27;[0m&amp;#27;[48;5;28m &amp;#27;[0m&amp;#27;[48;5;28m &amp;#27;[0m&amp;#27;[48;5;28m &amp;#27;[0m&amp;#27;[48;5;28m &amp;#27;[0m|&amp;#27;[48;5;28m &amp;#27;[0m&amp;#27;[48;5;28m &amp;#27;[0m&amp;#27;[48;5;28m &amp;#27;[0m&amp;#27;[48;5;28m &amp;#27;[0m&amp;#27;[48;5;28m &amp;#27;[0m|&amp;#27;[48;5;28m &amp;#27;[0m&amp;#27;[48;5;28m &amp;#27;[0m&amp;#27;[48;5;28m &amp;#27;[0m&amp;#27;[48;5;28m &amp;#27;[0m&amp;#27;[48;5;28m &amp;#27;[0m|&amp;#27;[48;5;28m &amp;#27;[0m&amp;#27;[48;5;28m &amp;#27;[0m&amp;#27;[48;5;28m &amp;#27;[0m&amp;#27;[48;5;28m &amp;#27;[0m&amp;#27;[48;5;28m &amp;#27;[0m|&amp;#27;[48;5;28m&amp;#27;[38;2;29;44;219mB&amp;#27;[0m&amp;#27;[48;5;28m&amp;#27;[38;2;29;44;219mB&amp;#27;[0m&amp;#27;[48;5;28m&amp;#27;[38;2;29;44;219mB&amp;#27;[0m&amp;#27;[48;5;28m&amp;#27;[38;2;29;44;219mB&amp;#27;[0m&amp;#27;[48;5;28m&amp;#27;[38;2;29;44;219mB&amp;#27;[0m|&amp;#27;[48;5;28m&amp;#27;[38;2;29;44;219mB&amp;#27;[0m&amp;#27;[48;5;28m&amp;#27;[38;2;29;44;219mB&amp;#27;[0m&amp;#27;[48;5;28m&amp;#27;[38;2;29;44;219mB&amp;#27;[0m&amp;#27;[48;5;28m&amp;#27;[38;2;29;44;219mB&amp;#27;[0m&amp;#27;[48;5;28m&amp;#27;[38;2;29;44;219mB&amp;#27;[0m|&amp;#27;[48;5;28m&amp;#27;[38;2;29;44;219mB&amp;#27;[0m&amp;#27;[48;5;28m&amp;#27;[38;2;29;44;219mB&amp;#27;[0m&amp;#27;[48;5;28m&amp;#27;[38;2;29;44;219mB&amp;#27;[0m&amp;#27;[48;5;28m&amp;#27;[38;2;29;44;219mB&amp;#27;[0m&amp;#27;[48;5;28m&amp;#27;[38;2;29;44;219mB&amp;#27;[0m|&amp;#27;[48;5;28m &amp;#27;[0m&amp;#27;[48;5;28m &amp;#27;[0m&amp;#27;[48;5;28m &amp;#27;[0m&amp;#27;[48;5;28m &amp;#27;[0m&amp;#27;[48;5;28m &amp;#27;[0m|&amp;#27;[48;5;28m &amp;#27;[0m&amp;#27;[48;5;28m &amp;#27;[0m&amp;#27;[48;5;28m &amp;#27;[0m&amp;#27;[48;5;28m &amp;#27;[0m&amp;#27;[48;5;28m &amp;#27;[0m|&amp;#27;[48;5;28m &amp;#27;[0m&amp;#27;[48;5;28m &amp;#27;[0m&amp;#27;[48;5;28m &amp;#27;[0m&amp;#27;[48;5;28m &amp;#27;[0m&amp;#27;[48;5;28m &amp;#27;[0m|&amp;#27;[48;5;28m &amp;#27;[0m&amp;#27;[48;5;28m &amp;#27;[0m&amp;#27;[48;5;28m &amp;#27;[0m&amp;#27;[48;5;28m &amp;#27;[0m&amp;#27;[48;5;28m &amp;#27;[0m|&amp;#27;[48;5;28m &amp;#27;[0m&amp;#27;[48;5;28m &amp;#27;[0m&amp;#27;[48;5;28m &amp;#27;[0m&amp;#27;[48;5;28m &amp;#27;[0m&amp;#27;[48;5;28m &amp;#27;[0m|&amp;#27;[48;5;28m &amp;#27;[0m&amp;#27;[48;5;28m &amp;#27;[0m&amp;#27;[48;5;28m &amp;#27;[0m&amp;#27;[48;5;28m &amp;#27;[0m&amp;#27;[48;5;28m &amp;#27;[0m|&amp;#27;[48;5;28m &amp;#27;[0m&amp;#27;[48;5;28m &amp;#27;[0m&amp;#27;[48;5;28m &amp;#27;[0m&amp;#27;[48;5;28m &amp;#27;[0m&amp;#27;[48;5;28m &amp;#27;[0m|&amp;#27;[48;5;28m &amp;#27;[0m&amp;#27;[48;5;28m &amp;#27;[0m&amp;#27;[48;5;28m &amp;#27;[0m&amp;#27;[48;5;28m &amp;#27;[0m&amp;#27;[48;5;28m &amp;#27;[0m|&amp;#27;[48;5;28m &amp;#27;[0m&amp;#27;[48;5;28m &amp;#27;[0m&amp;#27;[48;5;28m &amp;#27;[0m&amp;#27;[48;5;28m &amp;#27;[0m&amp;#27;[48;5;28m &amp;#27;[0m|&amp;#27;[48;5;28m &amp;#27;[0m&amp;#27;[48;5;28m &amp;#27;[0m&amp;#27;[48;5;28m &amp;#27;[0m&amp;#27;[48;5;28m &amp;#27;[0m&amp;#27;[48;5;28m &amp;#27;[0m|&amp;#27;[48;5;28m &amp;#27;[0m&amp;#27;[48;5;28m &amp;#27;[0m&amp;#27;[48;5;28m &amp;#27;[0m&amp;#27;[48;5;28m &amp;#27;[0m&amp;#27;[48;5;28m &amp;#27;[0m|
-------------------------------------------------------------------------------------------------------------------
|&amp;#27;[48;5;28m&amp;#27;[38;2;29;44;219m3&amp;#27;[0m&amp;#27;[48;5;28m&amp;#27;[38;2;29;44;219m3&amp;#27;[0m&amp;#27;[48;5;28m&amp;#27;[38;2;29;44;219m3&amp;#27;[0m&amp;#27;[48;5;28m&amp;#27;[38;2;29;44;219m3&amp;#27;[0m&amp;#27;[48;5;28m&amp;#27;[38;2;29;44;219m3&amp;#27;[0m|&amp;#27;[48;5;28mR&amp;#27;[0m&amp;#27;[48;5;28mR&amp;#27;[0m&amp;#27;[48;5;28mR&amp;#27;[0m&amp;#27;[48;5;28mR&amp;#27;[0m&amp;#27;[48;5;28mR&amp;#27;[0m|&amp;#27;[48;5;28m &amp;#27;[0m&amp;#27;[48;5;28m &amp;#27;[0m&amp;#27;[48;5;28m &amp;#27;[0m&amp;#27;[48;5;28m &amp;#27;[0m&amp;#27;[48;5;28m &amp;#27;[0m|&amp;#27;[48;5;28m &amp;#27;[0m&amp;#27;[48;5;28m &amp;#27;[0m&amp;#27;[48;5;28m &amp;#27;[0m&amp;#27;[48;5;28m &amp;#27;[0m&amp;#27;[48;5;28m &amp;#27;[0m|&amp;#27;[48;5;28m &amp;#27;[0m&amp;#27;[48;5;28m &amp;#27;[0m&amp;#27;[48;5;28m &amp;#27;[0m&amp;#27;[48;5;28m &amp;#27;[0m&amp;#27;[48;5;28m &amp;#27;[0m|&amp;#27;[48;5;28m &amp;#27;[0m&amp;#27;[48;5;28m &amp;#27;[0m&amp;#27;[48;5;28m &amp;#27;[0m&amp;#27;[48;5;28m &amp;#27;[0m&amp;#27;[48;5;28m &amp;#27;[0m|&amp;#27;[48;5;28m&amp;#27;[38;2;29;44;219m3&amp;#27;[0m&amp;#27;[48;5;28m&amp;#27;[38;2;29;44;219m3&amp;#27;[0m&amp;#27;[48;5;28m&amp;#27;[38;2;29;44;219m3&amp;#27;[0m&amp;#27;[48;5;28m&amp;#27;[38;2;29;44;219m3&amp;#27;[0m&amp;#27;[48;5;28m&amp;#27;[38;2;29;44;219m3&amp;#27;[0m|&amp;#27;[48;5;28m &amp;#27;[0m&amp;#27;[48;5;28m &amp;#27;[0m&amp;#27;[48;5;28m &amp;#27;[0m&amp;#27;[48;5;28m &amp;#27;[0m&amp;#27;[48;5;28m &amp;#27;[0m|&amp;#27;[48;5;28m &amp;#27;[0m&amp;#27;[48;5;28m &amp;#27;[0m&amp;#27;[48;5;28m &amp;#27;[0m&amp;#27;[48;5;28m &amp;#27;[0m&amp;#27;[48;5;28m &amp;#27;[0m|&amp;#27;[48;5;28m &amp;#27;[0m&amp;#27;[48;5;28m &amp;#27;[0m&amp;#27;[48;5;28m &amp;#27;[0m&amp;#27;[48;5;28m &amp;#27;[0m&amp;#27;[48;5;28m &amp;#27;[0m|&amp;#27;[48;5;28m &amp;#27;[0m&amp;#27;[48;5;28m &amp;#27;[0m&amp;#27;[48;5;28m &amp;#27;[0m&amp;#27;[48;5;28m &amp;#27;[0m&amp;#27;[48;5;28m &amp;#27;[0m|&amp;#27;[48;5;28m &amp;#27;[0m&amp;#27;[48;5;28m &amp;#27;[0m&amp;#27;[48;5;28m &amp;#27;[0m&amp;#27;[48;5;28m &amp;#27;[0m&amp;#27;[48;5;28m &amp;#27;[0m|&amp;#27;[48;5;28m &amp;#27;[0m&amp;#27;[48;5;28m &amp;#27;[0m&amp;#27;[48;5;28m &amp;#27;[0m&amp;#27;[48;5;28m &amp;#27;[0m&amp;#27;[48;5;28m &amp;#27;[0m|&amp;#27;[48;5;28m &amp;#27;[0m&amp;#27;[48;5;28m &amp;#27;[0m&amp;#27;[48;5;28m &amp;#27;[0m&amp;#27;[48;5;28m &amp;#27;[0m&amp;#27;[48;5;28m &amp;#27;[0m|&amp;#27;[48;5;28m &amp;#27;[0m&amp;#27;[48;5;28m &amp;#27;[0m&amp;#27;[48;5;28m &amp;#27;[0m&amp;#27;[48;5;28m &amp;#27;[0m&amp;#27;[48;5;28m &amp;#27;[0m|&amp;#27;[48;5;28m &amp;#27;[0m&amp;#27;[48;5;28m &amp;#27;[0m&amp;#27;[48;5;28m &amp;#27;[0m&amp;#27;[48;5;28m &amp;#27;[0m&amp;#27;[48;5;28m &amp;#27;[0m|&amp;#27;[48;5;28m &amp;#27;[0m&amp;#27;[48;5;28m &amp;#27;[0m&amp;#27;[48;5;28m &amp;#27;[0m&amp;#27;[48;5;28m &amp;#27;[0m&amp;#27;[48;5;28m &amp;#27;[0m|&amp;#27;[48;5;28m &amp;#27;[0m&amp;#27;[48;5;28m &amp;#27;[0m&amp;#27;[48;5;28m &amp;#27;[0m&amp;#27;[48;5;28m &amp;#27;[0m&amp;#27;[48;5;28m &amp;#27;[0m|&amp;#27;[48;5;28m &amp;#27;[0m&amp;#27;[48;5;28m &amp;#27;[0m&amp;#27;[48;5;28m &amp;#27;[0m&amp;#27;[48;5;28m &amp;#27;[0m&amp;#27;[48;5;28m &amp;#27;[0m|
|&amp;#27;[48;5;28m&amp;#27;[38;2;29;44;219m3&amp;#27;[0m&amp;#27;[48;5;28m&amp;#27;[38;2;29;44;219m3&amp;#27;[0m&amp;#27;[48;5;28m&amp;#27;[38;2;29;44;219m3&amp;#27;[0m&amp;#27;[48;5;28m&amp;#27;[38;2;29;44;219m3&amp;#27;[0m&amp;#27;[48;5;28m&amp;#27;[38;2;29;44;219m3&amp;#27;[0m|&amp;#27;[48;5;28mR&amp;#27;[0m&amp;#27;[48;5;28mR&amp;#27;[0m&amp;#27;[48;5;28mR&amp;#27;[0m&amp;#27;[48;5;28mR&amp;#27;[0m&amp;#27;[48;5;28mR&amp;#27;[0m|&amp;#27;[48;5;28m &amp;#27;[0m&amp;#27;[48;5;28m &amp;#27;[0m&amp;#27;[48;5;28m &amp;#27;[0m&amp;#27;[48;5;28m &amp;#27;[0m&amp;#27;[48;5;28m &amp;#27;[0m|&amp;#27;[48;5;28m &amp;#27;[0m&amp;#27;[48;5;28m &amp;#27;[0m&amp;#27;[48;5;28m &amp;#27;[0m&amp;#27;[48;5;28m &amp;#27;[0m&amp;#27;[48;5;28m &amp;#27;[0m|&amp;#27;[48;5;28m &amp;#27;[0m&amp;#27;[48;5;28m &amp;#27;[0m&amp;#27;[48;5;28m &amp;#27;[0m&amp;#27;[48;5;28m &amp;#27;[0m&amp;#27;[48;5;28m &amp;#27;[0m|&amp;#27;[48;5;28m &amp;#27;[0m&amp;#27;[48;5;28m &amp;#27;[0m&amp;#27;[48;5;28m &amp;#27;[0m&amp;#27;[48;5;28m &amp;#27;[0m&amp;#27;[48;5;28m &amp;#27;[0m|&amp;#27;[48;5;28m&amp;#27;[38;2;29;44;219m3&amp;#27;[0m&amp;#27;[48;5;28m&amp;#27;[38;2;29;44;219m3&amp;#27;[0m&amp;#27;[48;5;28m&amp;#27;[38;2;29;44;219m3&amp;#27;[0m&amp;#27;[48;5;28m&amp;#27;[38;2;29;44;219m3&amp;#27;[0m&amp;#27;[48;5;28m&amp;#27;[38;2;29;44;219m3&amp;#27;[0m|&amp;#27;[48;5;28m &amp;#27;[0m&amp;#27;[48;5;28m &amp;#27;[0m&amp;#27;[48;5;28m &amp;#27;[0m&amp;#27;[48;5;28m &amp;#27;[0m&amp;#27;[48;5;28m &amp;#27;[0m|&amp;#27;[48;5;28m &amp;#27;[0m&amp;#27;[48;5;28m &amp;#27;[0m&amp;#27;[48;5;28m &amp;#27;[0m&amp;#27;[48;5;28m &amp;#27;[0m&amp;#27;[48;5;28m &amp;#27;[0m|&amp;#27;[48;5;28m &amp;#27;[0m&amp;#27;[48;5;28m &amp;#27;[0m&amp;#27;[48;5;28m &amp;#27;[0m&amp;#27;[48;5;28m &amp;#27;[0m&amp;#27;[48;5;28m &amp;#27;[0m|&amp;#27;[48;5;28m &amp;#27;[0m&amp;#27;[48;5;28m &amp;#27;[0m&amp;#27;[48;5;28m &amp;#27;[0m&amp;#27;[48;5;28m &amp;#27;[0m&amp;#27;[48;5;28m &amp;#27;[0m|&amp;#27;[48;5;28m &amp;#27;[0m&amp;#27;[48;5;28m &amp;#27;[0m&amp;#27;[48;5;28m &amp;#27;[0m&amp;#27;[48;5;28m &amp;#27;[0m&amp;#27;[48;5;28m &amp;#27;[0m|&amp;#27;[48;5;28m &amp;#27;[0m&amp;#27;[48;5;28m &amp;#27;[0m&amp;#27;[48;5;28m &amp;#27;[0m&amp;#27;[48;5;28m &amp;#27;[0m&amp;#27;[48;5;28m &amp;#27;[0m|&amp;#27;[48;5;28m &amp;#27;[0m&amp;#27;[48;5;28m &amp;#27;[0m&amp;#27;[48;5;28m &amp;#27;[0m&amp;#27;[48;5;28m &amp;#27;[0m&amp;#27;[48;5;28m &amp;#27;[0m|&amp;#27;[48;5;28m &amp;#27;[0m&amp;#27;[48;5;28m &amp;#27;[0m&amp;#27;[48;5;28m &amp;#27;[0m&amp;#27;[48;5;28m &amp;#27;[0m&amp;#27;[48;5;28m &amp;#27;[0m|&amp;#27;[48;5;28m &amp;#27;[0m&amp;#27;[48;5;28m &amp;#27;[0m&amp;#27;[48;5;28m &amp;#27;[0m&amp;#27;[48;5;28m &amp;#27;[0m&amp;#27;[48;5;28m &amp;#27;[0m|&amp;#27;[48;5;28m &amp;#27;[0m&amp;#27;[48;5;28m &amp;#27;[0m&amp;#27;[48;5;28m &amp;#27;[0m&amp;#27;[48;5;28m &amp;#27;[0m&amp;#27;[48;5;28m &amp;#27;[0m|&amp;#27;[48;5;28m &amp;#27;[0m&amp;#27;[48;5;28m &amp;#27;[0m&amp;#27;[48;5;28m &amp;#27;[0m&amp;#27;[48;5;28m &amp;#27;[0m&amp;#27;[48;5;28m &amp;#27;[0m|&amp;#27;[48;5;28m &amp;#27;[0m&amp;#27;[48;5;28m &amp;#27;[0m&amp;#27;[48;5;28m &amp;#27;[0m&amp;#27;[48;5;28m &amp;#27;[0m&amp;#27;[48;5;28m &amp;#27;[0m|
-------------------------------------------------------------------------------------------------------------------
|&amp;#27;[48;5;28m&amp;#27;[38;2;29;44;219m3&amp;#27;[0m&amp;#27;[48;5;28m&amp;#27;[38;2;29;44;219m3&amp;#27;[0m&amp;#27;[48;5;28m&amp;#27;[38;2;29;44;219m3&amp;#27;[0m&amp;#27;[48;5;28m&amp;#27;[38;2;29;44;219m3&amp;#27;[0m&amp;#27;[48;5;28m&amp;#27;[38;2;29;44;219m3&amp;#27;[0m|&amp;#27;[48;5;28m &amp;#27;[0m&amp;#27;[48;5;28m &amp;#27;[0m&amp;#27;[48;5;28m &amp;#27;[0m&amp;#27;[48;5;28m &amp;#27;[0m&amp;#27;[48;5;28m &amp;#27;[0m|&amp;#27;[48;5;28m &amp;#27;[0m&amp;#27;[48;5;28m &amp;#27;[0m&amp;#27;[48;5;28m &amp;#27;[0m&amp;#27;[48;5;28m &amp;#27;[0m&amp;#27;[48;5;28m &amp;#27;[0m|&amp;#27;[48;5;28m &amp;#27;[0m&amp;#27;[48;5;28m &amp;#27;[0m&amp;#27;[48;5;28m &amp;#27;[0m&amp;#27;[48;5;28m &amp;#27;[0m&amp;#27;[48;5;28m &amp;#27;[0m|&amp;#27;[48;5;28m &amp;#27;[0m&amp;#27;[48;5;28m &amp;#27;[0m&amp;#27;[48;5;28m &amp;#27;[0m&amp;#27;[48;5;28m &amp;#27;[0m&amp;#27;[48;5;28m &amp;#27;[0m|&amp;#27;[48;5;28m &amp;#27;[0m&amp;#27;[48;5;28m &amp;#27;[0m&amp;#27;[48;5;28m &amp;#27;[0m&amp;#27;[48;5;28m &amp;#27;[0m&amp;#27;[48;5;28m &amp;#27;[0m|&amp;#27;[48;5;28m&amp;#27;[38;2;29;44;219m3&amp;#27;[0m&amp;#27;[48;5;28m&amp;#27;[38;2;29;44;219m3&amp;#27;[0m&amp;#27;[48;5;28m&amp;#27;[38;2;29;44;219m3&amp;#27;[0m&amp;#27;[48;5;28m&amp;#27;[38;2;29;44;219m3&amp;#27;[0m&amp;#27;[48;5;28m&amp;#27;[38;2;29;44;219m3&amp;#27;[0m|&amp;#27;[48;5;28m &amp;#27;[0m&amp;#27;[48;5;28m &amp;#27;[0m&amp;#27;[48;5;28m &amp;#27;[0m&amp;#27;[48;5;28m &amp;#27;[0m&amp;#27;[48;5;28m &amp;#27;[0m|&amp;#27;[48;5;28m &amp;#27;[0m&amp;#27;[48;5;28m &amp;#27;[0m&amp;#27;[48;5;28m &amp;#27;[0m&amp;#27;[48;5;28m &amp;#27;[0m&amp;#27;[48;5;28m &amp;#27;[0m|&amp;#27;[48;5;28m &amp;#27;[0m&amp;#27;[48;5;28m &amp;#27;[0m&amp;#27;[48;5;28m &amp;#27;[0m&amp;#27;[48;5;28m &amp;#27;[0m&amp;#27;[48;5;28m &amp;#27;[0m|&amp;#27;[48;5;28m &amp;#27;[0m&amp;#27;[48;5;28m &amp;#27;[0m&amp;#27;[48;5;28m &amp;#27;[0m&amp;#27;[48;5;28m &amp;#27;[0m&amp;#27;[48;5;28m &amp;#27;[0m|&amp;#27;[48;5;28m &amp;#27;[0m&amp;#27;[48;5;28m &amp;#27;[0m&amp;#27;[48;5;28m &amp;#27;[0m&amp;#27;[48;5;28m &amp;#27;[0m&amp;#27;[48;5;28m &amp;#27;[0m|&amp;#27;[48;5;28m &amp;#27;[0m&amp;#27;[48;5;28m &amp;#27;[0m&amp;#27;[48;5;28m &amp;#27;[0m&amp;#27;[48;5;28m &amp;#27;[0m&amp;#27;[48;5;28m &amp;#27;[0m|&amp;#27;[48;5;28m &amp;#27;[0m&amp;#27;[48;5;28m &amp;#27;[0m&amp;#27;[48;5;28m &amp;#27;[0m&amp;#27;[48;5;28m &amp;#27;[0m&amp;#27;[48;5;28m &amp;#27;[0m|&amp;#27;[48;5;28m &amp;#27;[0m&amp;#27;[48;5;28m &amp;#27;[0m&amp;#27;[48;5;28m &amp;#27;[0m&amp;#27;[48;5;28m &amp;#27;[0m&amp;#27;[48;5;28m &amp;#27;[0m|&amp;#27;[48;5;28m &amp;#27;[0m&amp;#27;[48;5;28m &amp;#27;[0m&amp;#27;[48;5;28m &amp;#27;[0m&amp;#27;[48;5;28m &amp;#27;[0m&amp;#27;[48;5;28m &amp;#27;[0m|&amp;#27;[48;5;28m &amp;#27;[0m&amp;#27;[48;5;28m &amp;#27;[0m&amp;#27;[48;5;28m &amp;#27;[0m&amp;#27;[48;5;28m &amp;#27;[0m&amp;#27;[48;5;28m &amp;#27;[0m|&amp;#27;[48;5;28m &amp;#27;[0m&amp;#27;[48;5;28m &amp;#27;[0m&amp;#27;[48;5;28m &amp;#27;[0m&amp;#27;[48;5;28m &amp;#27;[0m&amp;#27;[48;5;28m &amp;#27;[0m|&amp;#27;[48;5;28m &amp;#27;[0m&amp;#27;[48;5;28m &amp;#27;[0m&amp;#27;[48;5;28m &amp;#27;[0m&amp;#27;[48;5;28m &amp;#27;[0m&amp;#27;[48;5;28m &amp;#27;[0m|
|&amp;#27;[48;5;28m&amp;#27;[38;2;29;44;219m3&amp;#27;[0m&amp;#27;[48;5;28m&amp;#27;[38;2;29;44;219m3&amp;#27;[0m&amp;#27;[48;5;28m&amp;#27;[38;2;29;44;219m3&amp;#27;[0m&amp;#27;[48;5;28m&amp;#27;[38;2;29;44;219m3&amp;#27;[0m&amp;#27;[48;5;28m&amp;#27;[38;2;29;44;219m3&amp;#27;[0m|&amp;#27;[48;5;28m &amp;#27;[0m&amp;#27;[48;5;28m &amp;#27;[0m&amp;#27;[48;5;28m &amp;#27;[0m&amp;#27;[48;5;28m &amp;#27;[0m&amp;#27;[48;5;28m &amp;#27;[0m|&amp;#27;[48;5;28m &amp;#27;[0m&amp;#27;[48;5;28m &amp;#27;[0m&amp;#27;[48;5;28m &amp;#27;[0m&amp;#27;[48;5;28m &amp;#27;[0m&amp;#27;[48;5;28m &amp;#27;[0m|&amp;#27;[48;5;28m &amp;#27;[0m&amp;#27;[48;5;28m &amp;#27;[0m&amp;#27;[48;5;28m &amp;#27;[0m&amp;#27;[48;5;28m &amp;#27;[0m&amp;#27;[48;5;28m &amp;#27;[0m|&amp;#27;[48;5;28m &amp;#27;[0m&amp;#27;[48;5;28m &amp;#27;[0m&amp;#27;[48;5;28m &amp;#27;[0m&amp;#27;[48;5;28m &amp;#27;[0m&amp;#27;[48;5;28m &amp;#27;[0m|&amp;#27;[48;5;28m &amp;#27;[0m&amp;#27;[48;5;28m &amp;#27;[0m&amp;#27;[48;5;28m &amp;#27;[0m&amp;#27;[48;5;28m &amp;#27;[0m&amp;#27;[48;5;28m &amp;#27;[0m|&amp;#27;[48;5;28m&amp;#27;[38;2;29;44;219m3&amp;#27;[0m&amp;#27;[48;5;28m&amp;#27;[38;2;29;44;219m3&amp;#27;[0m&amp;#27;[48;5;28m&amp;#27;[38;2;29;44;219m3&amp;#27;[0m&amp;#27;[48;5;28m&amp;#27;[38;2;29;44;219m3&amp;#27;[0m&amp;#27;[48;5;28m&amp;#27;[38;2;29;44;219m3&amp;#27;[0m|&amp;#27;[48;5;28m &amp;#27;[0m&amp;#27;[48;5;28m &amp;#27;[0m&amp;#27;[48;5;28m &amp;#27;[0m&amp;#27;[48;5;28m &amp;#27;[0m&amp;#27;[48;5;28m &amp;#27;[0m|&amp;#27;[48;5;28m &amp;#27;[0m&amp;#27;[48;5;28m &amp;#27;[0m&amp;#27;[48;5;28m &amp;#27;[0m&amp;#27;[48;5;28m &amp;#27;[0m&amp;#27;[48;5;28m &amp;#27;[0m|&amp;#27;[48;5;28m &amp;#27;[0m&amp;#27;[48;5;28m &amp;#27;[0m&amp;#27;[48;5;28m &amp;#27;[0m&amp;#27;[48;5;28m &amp;#27;[0m&amp;#27;[48;5;28m &amp;#27;[0m|&amp;#27;[48;5;28m &amp;#27;[0m&amp;#27;[48;5;28m &amp;#27;[0m&amp;#27;[48;5;28m &amp;#27;[0m&amp;#27;[48;5;28m &amp;#27;[0m&amp;#27;[48;5;28m &amp;#27;[0m|&amp;#27;[48;5;28m &amp;#27;[0m&amp;#27;[48;5;28m &amp;#27;[0m&amp;#27;[48;5;28m &amp;#27;[0m&amp;#27;[48;5;28m &amp;#27;[0m&amp;#27;[48;5;28m &amp;#27;[0m|&amp;#27;[48;5;28m &amp;#27;[0m&amp;#27;[48;5;28m &amp;#27;[0m&amp;#27;[48;5;28m &amp;#27;[0m&amp;#27;[48;5;28m &amp;#27;[0m&amp;#27;[48;5;28m &amp;#27;[0m|&amp;#27;[48;5;28m &amp;#27;[0m&amp;#27;[48;5;28m &amp;#27;[0m&amp;#27;[48;5;28m &amp;#27;[0m&amp;#27;[48;5;28m &amp;#27;[0m&amp;#27;[48;5;28m &amp;#27;[0m|&amp;#27;[48;5;28m &amp;#27;[0m&amp;#27;[48;5;28m &amp;#27;[0m&amp;#27;[48;5;28m &amp;#27;[0m&amp;#27;[48;5;28m &amp;#27;[0m&amp;#27;[48;5;28m &amp;#27;[0m|&amp;#27;[48;5;28m &amp;#27;[0m&amp;#27;[48;5;28m &amp;#27;[0m&amp;#27;[48;5;28m &amp;#27;[0m&amp;#27;[48;5;28m &amp;#27;[0m&amp;#27;[48;5;28m &amp;#27;[0m|&amp;#27;[48;5;28m &amp;#27;[0m&amp;#27;[48;5;28m &amp;#27;[0m&amp;#27;[48;5;28m &amp;#27;[0m&amp;#27;[48;5;28m &amp;#27;[0m&amp;#27;[48;5;28m &amp;#27;[0m|&amp;#27;[48;5;28m &amp;#27;[0m&amp;#27;[48;5;28m &amp;#27;[0m&amp;#27;[48;5;28m &amp;#27;[0m&amp;#27;[48;5;28m &amp;#27;[0m&amp;#27;[48;5;28m &amp;#27;[0m|&amp;#27;[48;5;28m &amp;#27;[0m&amp;#27;[48;5;28m &amp;#27;[0m&amp;#27;[48;5;28m &amp;#27;[0m&amp;#27;[48;5;28m &amp;#27;[0m&amp;#27;[48;5;28m &amp;#27;[0m|
-------------------------------------------------------------------------------------------------------------------
|&amp;#27;[48;5;28m&amp;#27;[38;2;29;44;219m3&amp;#27;[0m&amp;#27;[48;5;28m&amp;#27;[38;2;29;44;219m3&amp;#27;[0m&amp;#27;[48;5;28m&amp;#27;[38;2;29;44;219m3&amp;#27;[0m&amp;#27;[48;5;28m&amp;#27;[38;2;29;44;219m3&amp;#27;[0m&amp;#27;[48;5;28m&amp;#27;[38;2;29;44;219m3&amp;#27;[0m|&amp;#27;[48;5;28m&amp;#27;[38;2;29;44;219m3&amp;#27;[0m&amp;#27;[48;5;28m&amp;#27;[38;2;29;44;219m3&amp;#27;[0m&amp;#27;[48;5;28m&amp;#27;[38;2;29;44;219m3&amp;#27;[0m&amp;#27;[48;5;28m&amp;#27;[38;2;29;44;219m3&amp;#27;[0m&amp;#27;[48;5;28m&amp;#27;[38;2;29;44;219m3&amp;#27;[0m|&amp;#27;[48;5;28m&amp;#27;[38;2;29;44;219m3&amp;#27;[0m&amp;#27;[48;5;28m&amp;#27;[38;2;29;44;219m3&amp;#27;[0m&amp;#27;[48;5;28m&amp;#27;[38;2;29;44;219m3&amp;#27;[0m&amp;#27;[48;5;28m&amp;#27;[38;2;29;44;219m3&amp;#27;[0m&amp;#27;[48;5;28m&amp;#27;[38;2;29;44;219m3&amp;#27;[0m|&amp;#27;[48;5;28m&amp;#27;[38;2;29;44;219m3&amp;#27;[0m&amp;#27;[48;5;28m&amp;#27;[38;2;29;44;219m3&amp;#27;[0m&amp;#27;[48;5;28m&amp;#27;[38;2;29;44;219m3&amp;#27;[0m&amp;#27;[48;5;28m&amp;#27;[38;2;29;44;219m3&amp;#27;[0m&amp;#27;[48;5;28m&amp;#27;[38;2;29;44;219m3&amp;#27;[0m|&amp;#27;[48;5;28m&amp;#27;[38;2;29;44;219m3&amp;#27;[0m&amp;#27;[48;5;28m&amp;#27;[38;2;29;44;219m3&amp;#27;[0m&amp;#27;[48;5;28m&amp;#27;[38;2;29;44;219m3&amp;#27;[0m&amp;#27;[48;5;28m&amp;#27;[38;2;29;44;219m3&amp;#27;[0m&amp;#27;[48;5;28m&amp;#27;[38;2;29;44;219m3&amp;#27;[0m|&amp;#27;[48;5;28m&amp;#27;[38;2;29;44;219m3&amp;#27;[0m&amp;#27;[48;5;28m&amp;#27;[38;2;29;44;219m3&amp;#27;[0m&amp;#27;[48;5;28m&amp;#27;[38;2;29;44;219m3&amp;#27;[0m&amp;#27;[48;5;28m&amp;#27;[38;2;29;44;219m3&amp;#27;[0m&amp;#27;[48;5;28m&amp;#27;[38;2;29;44;219m3&amp;#27;[0m|&amp;#27;[48;5;28m&amp;#27;[38;2;29;44;219m3&amp;#27;[0m&amp;#27;[48;5;28m&amp;#27;[38;2;29;44;219m3&amp;#27;[0m&amp;#27;[48;5;28m&amp;#27;[38;2;29;44;219m3&amp;#27;[0m&amp;#27;[48;5;28m&amp;#27;[38;2;29;44;219m3&amp;#27;[0m&amp;#27;[48;5;28m&amp;#27;[38;2;29;44;219m3&amp;#27;[0m|&amp;#27;[48;5;28m &amp;#27;[0m&amp;#27;[48;5;28m &amp;#27;[0m&amp;#27;[48;5;28m &amp;#27;[0m&amp;#27;[48;5;28m &amp;#27;[0m&amp;#27;[48;5;28m &amp;#27;[0m|&amp;#27;[48;5;28m &amp;#27;[0m&amp;#27;[48;5;28m &amp;#27;[0m&amp;#27;[48;5;28m &amp;#27;[0m&amp;#27;[48;5;28m &amp;#27;[0m&amp;#27;[48;5;28m &amp;#27;[0m|&amp;#27;[48;5;28m &amp;#27;[0m&amp;#27;[48;5;28m &amp;#27;[0m&amp;#27;[48;5;28m &amp;#27;[0m&amp;#27;[48;5;28m &amp;#27;[0m&amp;#27;[48;5;28m &amp;#27;[0m|&amp;#27;[48;5;28m &amp;#27;[0m&amp;#27;[48;5;28m &amp;#27;[0m&amp;#27;[48;5;28m &amp;#27;[0m&amp;#27;[48;5;28m &amp;#27;[0m&amp;#27;[48;5;28m &amp;#27;[0m|&amp;#27;[48;5;28m &amp;#27;[0m&amp;#27;[48;5;28m &amp;#27;[0m&amp;#27;[48;5;28m &amp;#27;[0m&amp;#27;[48;5;28m &amp;#27;[0m&amp;#27;[48;5;28m &amp;#27;[0m|&amp;#27;[48;5;28m&amp;#27;[38;2;219;37;37ma&amp;#27;[0m&amp;#27;[48;5;28m&amp;#27;[38;2;219;37;37ma&amp;#27;[0m&amp;#27;[48;5;28m&amp;#27;[38;2;219;37;37ma&amp;#27;[0m&amp;#27;[48;5;28m&amp;#27;[38;2;219;37;37ma&amp;#27;[0m&amp;#27;[48;5;28m&amp;#27;[38;2;219;37;37ma&amp;#27;[0m|&amp;#27;[48;5;28m &amp;#27;[0m&amp;#27;[48;5;28m &amp;#27;[0m&amp;#27;[48;5;28m &amp;#27;[0m&amp;#27;[48;5;28m &amp;#27;[0m&amp;#27;[48;5;28m &amp;#27;[0m|&amp;#27;[48;5;28m &amp;#27;[0m&amp;#27;[48;5;28m &amp;#27;[0m&amp;#27;[48;5;28m &amp;#27;[0m&amp;#27;[48;5;28m &amp;#27;[0m&amp;#27;[48;5;28m &amp;#27;[0m|&amp;#27;[48;5;28m &amp;#27;[0m&amp;#27;[48;5;28m &amp;#27;[0m&amp;#27;[48;5;28m &amp;#27;[0m&amp;#27;[48;5;28m &amp;#27;[0m&amp;#27;[48;5;28m &amp;#27;[0m|&amp;#27;[48;5;28m &amp;#27;[0m&amp;#27;[48;5;28m &amp;#27;[0m&amp;#27;[48;5;28m &amp;#27;[0m&amp;#27;[48;5;28m &amp;#27;[0m&amp;#27;[48;5;28m &amp;#27;[0m|&amp;#27;[48;5;28m &amp;#27;[0m&amp;#27;[48;5;28m &amp;#27;[0m&amp;#27;[48;5;28m &amp;#27;[0m&amp;#27;[48;5;28m &amp;#27;[0m&amp;#27;[48;5;28m &amp;#27;[0m|&amp;#27;[48;5;28m &amp;#27;[0m&amp;#27;[48;5;28m &amp;#27;[0m&amp;#27;[48;5;28m &amp;#27;[0m&amp;#27;[48;5;28m &amp;#27;[0m&amp;#27;[48;5;28m &amp;#27;[0m|
|&amp;#27;[48;5;28m&amp;#27;[38;2;29;44;219m3&amp;#27;[0m&amp;#27;[48;5;28m&amp;#27;[38;2;29;44;219m3&amp;#27;[0m&amp;#27;[48;5;28m&amp;#27;[38;2;29;44;219m3&amp;#27;[0m&amp;#27;[48;5;28m&amp;#27;[38;2;29;44;219m3&amp;#27;[0m&amp;#27;[48;5;28m&amp;#27;[38;2;29;44;219m3&amp;#27;[0m|&amp;#27;[48;5;28m&amp;#27;[38;2;29;44;219m3&amp;#27;[0m&amp;#27;[48;5;28m&amp;#27;[38;2;29;44;219m3&amp;#27;[0m&amp;#27;[48;5;28m&amp;#27;[38;2;29;44;219m3&amp;#27;[0m&amp;#27;[48;5;28m&amp;#27;[38;2;29;44;219m3&amp;#27;[0m&amp;#27;[48;5;28m&amp;#27;[38;2;29;44;219m3&amp;#27;[0m|&amp;#27;[48;5;28m&amp;#27;[38;2;29;44;219m3&amp;#27;[0m&amp;#27;[48;5;28m&amp;#27;[38;2;29;44;219m3&amp;#27;[0m&amp;#27;[48;5;28m&amp;#27;[38;2;29;44;219m3&amp;#27;[0m&amp;#27;[48;5;28m&amp;#27;[38;2;29;44;219m3&amp;#27;[0m&amp;#27;[48;5;28m&amp;#27;[38;2;29;44;219m3&amp;#27;[0m|&amp;#27;[48;5;28m&amp;#27;[38;2;29;44;219m3&amp;#27;[0m&amp;#27;[48;5;28m&amp;#27;[38;2;29;44;219m3&amp;#27;[0m&amp;#27;[48;5;28m&amp;#27;[38;2;29;44;219m3&amp;#27;[0m&amp;#27;[48;5;28m&amp;#27;[38;2;29;44;219m3&amp;#27;[0m&amp;#27;[48;5;28m&amp;#27;[38;2;29;44;219m3&amp;#27;[0m|&amp;#27;[48;5;28m&amp;#27;[38;2;29;44;219m3&amp;#27;[0m&amp;#27;[48;5;28m&amp;#27;[38;2;29;44;219m3&amp;#27;[0m&amp;#27;[48;5;28m&amp;#27;[38;2;29;44;219m3&amp;#27;[0m&amp;#27;[48;5;28m&amp;#27;[38;2;29;44;219m3&amp;#27;[0m&amp;#27;[48;5;28m&amp;#27;[38;2;29;44;219m3&amp;#27;[0m|&amp;#27;[48;5;28m&amp;#27;[38;2;29;44;219m3&amp;#27;[0m&amp;#27;[48;5;28m&amp;#27;[38;2;29;44;219m3&amp;#27;[0m&amp;#27;[48;5;28m&amp;#27;[38;2;29;44;219m3&amp;#27;[0m&amp;#27;[48;5;28m&amp;#27;[38;2;29;44;219m3&amp;#27;[0m&amp;#27;[48;5;28m&amp;#27;[38;2;29;44;219m3&amp;#27;[0m|&amp;#27;[48;5;28m&amp;#27;[38;2;29;44;219m3&amp;#27;[0m&amp;#27;[48;5;28m&amp;#27;[38;2;29;44;219m3&amp;#27;[0m&amp;#27;[48;5;28m&amp;#27;[38;2;29;44;219m3&amp;#27;[0m&amp;#27;[48;5;28m&amp;#27;[38;2;29;44;219m3&amp;#27;[0m&amp;#27;[48;5;28m&amp;#27;[38;2;29;44;219m3&amp;#27;[0m|&amp;#27;[48;5;28m &amp;#27;[0m&amp;#27;[48;5;28m &amp;#27;[0m&amp;#27;[48;5;28m &amp;#27;[0m&amp;#27;[48;5;28m &amp;#27;[0m&amp;#27;[48;5;28m &amp;#27;[0m|&amp;#27;[48;5;28m &amp;#27;[0m&amp;#27;[48;5;28m &amp;#27;[0m&amp;#27;[48;5;28m &amp;#27;[0m&amp;#27;[48;5;28m &amp;#27;[0m&amp;#27;[48;5;28m &amp;#27;[0m|&amp;#27;[48;5;28m &amp;#27;[0m&amp;#27;[48;5;28m &amp;#27;[0m&amp;#27;[48;5;28m &amp;#27;[0m&amp;#27;[48;5;28m &amp;#27;[0m&amp;#27;[48;5;28m &amp;#27;[0m|&amp;#27;[48;5;28m &amp;#27;[0m&amp;#27;[48;5;28m &amp;#27;[0m&amp;#27;[48;5;28m &amp;#27;[0m&amp;#27;[48;5;28m &amp;#27;[0m&amp;#27;[48;5;28m &amp;#27;[0m|&amp;#27;[48;5;28m &amp;#27;[0m&amp;#27;[48;5;28m &amp;#27;[0m&amp;#27;[48;5;28m &amp;#27;[0m&amp;#27;[48;5;28m &amp;#27;[0m&amp;#27;[48;5;28m &amp;#27;[0m|&amp;#27;[48;5;28m&amp;#27;[38;2;219;37;37ma&amp;#27;[0m&amp;#27;[48;5;28m&amp;#27;[38;2;219;37;37ma&amp;#27;[0m&amp;#27;[48;5;28m&amp;#27;[38;2;219;37;37ma&amp;#27;[0m&amp;#27;[48;5;28m&amp;#27;[38;2;219;37;37ma&amp;#27;[0m&amp;#27;[48;5;28m&amp;#27;[38;2;219;37;37ma&amp;#27;[0m|&amp;#27;[48;5;28m &amp;#27;[0m&amp;#27;[48;5;28m &amp;#27;[0m&amp;#27;[48;5;28m &amp;#27;[0m&amp;#27;[48;5;28m &amp;#27;[0m&amp;#27;[48;5;28m &amp;#27;[0m|&amp;#27;[48;5;28m &amp;#27;[0m&amp;#27;[48;5;28m &amp;#27;[0m&amp;#27;[48;5;28m &amp;#27;[0m&amp;#27;[48;5;28m &amp;#27;[0m&amp;#27;[48;5;28m &amp;#27;[0m|&amp;#27;[48;5;28m &amp;#27;[0m&amp;#27;[48;5;28m &amp;#27;[0m&amp;#27;[48;5;28m &amp;#27;[0m&amp;#27;[48;5;28m &amp;#27;[0m&amp;#27;[48;5;28m &amp;#27;[0m|&amp;#27;[48;5;28m &amp;#27;[0m&amp;#27;[48;5;28m &amp;#27;[0m&amp;#27;[48;5;28m &amp;#27;[0m&amp;#27;[48;5;28m &amp;#27;[0m&amp;#27;[48;5;28m &amp;#27;[0m|&amp;#27;[48;5;28m &amp;#27;[0m&amp;#27;[48;5;28m &amp;#27;[0m&amp;#27;[48;5;28m &amp;#27;[0m&amp;#27;[48;5;28m &amp;#27;[0m&amp;#27;[48;5;28m &amp;#27;[0m|&amp;#27;[48;5;28m &amp;#27;[0m&amp;#27;[48;5;28m &amp;#27;[0m&amp;#27;[48;5;28m &amp;#27;[0m&amp;#27;[48;5;28m &amp;#27;[0m&amp;#27;[48;5;28m &amp;#27;[0m|
-------------------------------------------------------------------------------------------------------------------
this tool is not yours!
</system-out>
  </testcase>
  <testcase classname="AttackAndMoveTest" name="movePatrolOfUnit" time="0.03">
    <error message="Cannot invoke &quot;java.lang.Integer.intValue()&quot; because the return value of &quot;java.util.HashMap.get(Object)&quot; is null" type="java.lang.NullPointerException">java.lang.NullPointerException: Cannot invoke &quot;java.lang.Integer.intValue()&quot; because the return value of &quot;java.util.HashMap.get(Object)&quot; is null
	at controller.GameController.showMap(GameController.java:709)
	at AttackAndMoveTest.movePatrolOfUnit(AttackAndMoveTest.java:30)
	at java.base/jdk.internal.reflect.DirectMethodHandleAccessor.invoke(DirectMethodHandleAccessor.java:104)
	at java.base/java.lang.reflect.Method.invoke(Method.java:578)
	at org.junit.runners.model.FrameworkMethod$1.runReflectiveCall(FrameworkMethod.java:59)
	at org.junit.internal.runners.model.ReflectiveCallable.run(ReflectiveCallable.java:12)
	at org.junit.runners.model.FrameworkMethod.invokeExplosively(FrameworkMethod.java:56)
	at org.junit.internal.runners.statements.InvokeMethod.evaluate(InvokeMethod.java:17)
	at org.junit.runners.ParentRunner$3.evaluate(ParentRunner.java:306)
	at org.junit.runners.BlockJUnit4ClassRunner$1.evaluate(BlockJUnit4ClassRunner.java:100)
	at org.junit.runners.ParentRunner.runLeaf(ParentRunner.java:366)
	at org.junit.runners.BlockJUnit4ClassRunner.runChild(BlockJUnit4ClassRunner.java:103)
	at org.junit.runners.BlockJUnit4ClassRunner.runChild(BlockJUnit4ClassRunner.java:63)
	at org.junit.runners.ParentRunner$4.run(ParentRunner.java:331)
	at org.junit.runners.ParentRunner$1.schedule(ParentRunner.java:79)
	at org.junit.runners.ParentRunner.runChildren(ParentRunner.java:329)
	at org.junit.runners.ParentRunner.access$100(ParentRunner.java:66)
	at org.junit.runners.ParentRunner$2.evaluate(ParentRunner.java:293)
	at org.junit.runners.ParentRunner$3.evaluate(ParentRunner.java:306)
	at org.junit.runners.ParentRunner.run(ParentRunner.java:413)
	at org.apache.maven.surefire.junit4.JUnit4Provider.execute(JUnit4Provider.java:252)
	at org.apache.maven.surefire.junit4.JUnit4Provider.executeTestSet(JUnit4Provider.java:141)
	at org.apache.maven.surefire.junit4.JUnit4Provider.invoke(JUnit4Provider.java:112)
	at java.base/jdk.internal.reflect.DirectMethodHandleAccessor.invoke(DirectMethodHandleAccessor.java:104)
	at java.base/java.lang.reflect.Method.invoke(Method.java:578)
	at org.apache.maven.surefire.util.ReflectionUtils.invokeMethodWithArray(ReflectionUtils.java:189)
	at org.apache.maven.surefire.booter.ProviderFactory$ProviderProxy.invoke(ProviderFactory.java:165)
	at org.apache.maven.surefire.booter.ProviderFactory.invokeProvider(ProviderFactory.java:85)
	at org.apache.maven.surefire.booter.ForkedBooter.runSuitesInProcess(ForkedBooter.java:115)
	at org.apache.maven.surefire.booter.ForkedBooter.main(ForkedBooter.java:75)
</error>
  </testcase>
  <testcase classname="AttackAndMoveTest" name="attackAirAttackOfUnit" time="0.041">
    <error message="Cannot invoke &quot;java.lang.Integer.intValue()&quot; because the return value of &quot;java.util.HashMap.get(Object)&quot; is null" type="java.lang.NullPointerException">java.lang.NullPointerException: Cannot invoke &quot;java.lang.Integer.intValue()&quot; because the return value of &quot;java.util.HashMap.get(Object)&quot; is null
	at controller.GameController.showMap(GameController.java:709)
	at AttackAndMoveTest.attackAirAttackOfUnit(AttackAndMoveTest.java:62)
	at java.base/jdk.internal.reflect.DirectMethodHandleAccessor.invoke(DirectMethodHandleAccessor.java:104)
	at java.base/java.lang.reflect.Method.invoke(Method.java:578)
	at org.junit.runners.model.FrameworkMethod$1.runReflectiveCall(FrameworkMethod.java:59)
	at org.junit.internal.runners.model.ReflectiveCallable.run(ReflectiveCallable.java:12)
	at org.junit.runners.model.FrameworkMethod.invokeExplosively(FrameworkMethod.java:56)
	at org.junit.internal.runners.statements.InvokeMethod.evaluate(InvokeMethod.java:17)
	at org.junit.runners.ParentRunner$3.evaluate(ParentRunner.java:306)
	at org.junit.runners.BlockJUnit4ClassRunner$1.evaluate(BlockJUnit4ClassRunner.java:100)
	at org.junit.runners.ParentRunner.runLeaf(ParentRunner.java:366)
	at org.junit.runners.BlockJUnit4ClassRunner.runChild(BlockJUnit4ClassRunner.java:103)
	at org.junit.runners.BlockJUnit4ClassRunner.runChild(BlockJUnit4ClassRunner.java:63)
	at org.junit.runners.ParentRunner$4.run(ParentRunner.java:331)
	at org.junit.runners.ParentRunner$1.schedule(ParentRunner.java:79)
	at org.junit.runners.ParentRunner.runChildren(ParentRunner.java:329)
	at org.junit.runners.ParentRunner.access$100(ParentRunner.java:66)
	at org.junit.runners.ParentRunner$2.evaluate(ParentRunner.java:293)
	at org.junit.runners.ParentRunner$3.evaluate(ParentRunner.java:306)
	at org.junit.runners.ParentRunner.run(ParentRunner.java:413)
	at org.apache.maven.surefire.junit4.JUnit4Provider.execute(JUnit4Provider.java:252)
	at org.apache.maven.surefire.junit4.JUnit4Provider.executeTestSet(JUnit4Provider.java:141)
	at org.apache.maven.surefire.junit4.JUnit4Provider.invoke(JUnit4Provider.java:112)
	at java.base/jdk.internal.reflect.DirectMethodHandleAccessor.invoke(DirectMethodHandleAccessor.java:104)
	at java.base/java.lang.reflect.Method.invoke(Method.java:578)
	at org.apache.maven.surefire.util.ReflectionUtils.invokeMethodWithArray(ReflectionUtils.java:189)
	at org.apache.maven.surefire.booter.ProviderFactory$ProviderProxy.invoke(ProviderFactory.java:165)
	at org.apache.maven.surefire.booter.ProviderFactory.invokeProvider(ProviderFactory.java:85)
	at org.apache.maven.surefire.booter.ForkedBooter.runSuitesInProcess(ForkedBooter.java:115)
	at org.apache.maven.surefire.booter.ForkedBooter.main(ForkedBooter.java:75)
</error>
  </testcase>
  <testcase classname="AttackAndMoveTest" name="attackUnitToToolTest" time="0.042">
    <error message="Cannot invoke &quot;model.activity.Move.moveOneTurn()&quot; because the return value of &quot;model.human.military.Military.getMove()&quot; is null" type="java.lang.NullPointerException">java.lang.NullPointerException: Cannot invoke &quot;model.activity.Move.moveOneTurn()&quot; because the return value of &quot;model.human.military.Military.getMove()&quot; is null
	at AttackAndMoveTest.attackUnitToToolTest(AttackAndMoveTest.java:279)
	at java.base/jdk.internal.reflect.DirectMethodHandleAccessor.invoke(DirectMethodHandleAccessor.java:104)
	at java.base/java.lang.reflect.Method.invoke(Method.java:578)
	at org.junit.runners.model.FrameworkMethod$1.runReflectiveCall(FrameworkMethod.java:59)
	at org.junit.internal.runners.model.ReflectiveCallable.run(ReflectiveCallable.java:12)
	at org.junit.runners.model.FrameworkMethod.invokeExplosively(FrameworkMethod.java:56)
	at org.junit.internal.runners.statements.InvokeMethod.evaluate(InvokeMethod.java:17)
	at org.junit.runners.ParentRunner$3.evaluate(ParentRunner.java:306)
	at org.junit.runners.BlockJUnit4ClassRunner$1.evaluate(BlockJUnit4ClassRunner.java:100)
	at org.junit.runners.ParentRunner.runLeaf(ParentRunner.java:366)
	at org.junit.runners.BlockJUnit4ClassRunner.runChild(BlockJUnit4ClassRunner.java:103)
	at org.junit.runners.BlockJUnit4ClassRunner.runChild(BlockJUnit4ClassRunner.java:63)
	at org.junit.runners.ParentRunner$4.run(ParentRunner.java:331)
	at org.junit.runners.ParentRunner$1.schedule(ParentRunner.java:79)
	at org.junit.runners.ParentRunner.runChildren(ParentRunner.java:329)
	at org.junit.runners.ParentRunner.access$100(ParentRunner.java:66)
	at org.junit.runners.ParentRunner$2.evaluate(ParentRunner.java:293)
	at org.junit.runners.ParentRunner$3.evaluate(ParentRunner.java:306)
	at org.junit.runners.ParentRunner.run(ParentRunner.java:413)
	at org.apache.maven.surefire.junit4.JUnit4Provider.execute(JUnit4Provider.java:252)
	at org.apache.maven.surefire.junit4.JUnit4Provider.executeTestSet(JUnit4Provider.java:141)
	at org.apache.maven.surefire.junit4.JUnit4Provider.invoke(JUnit4Provider.java:112)
	at java.base/jdk.internal.reflect.DirectMethodHandleAccessor.invoke(DirectMethodHandleAccessor.java:104)
	at java.base/java.lang.reflect.Method.invoke(Method.java:578)
	at org.apache.maven.surefire.util.ReflectionUtils.invokeMethodWithArray(ReflectionUtils.java:189)
	at org.apache.maven.surefire.booter.ProviderFactory$ProviderProxy.invoke(ProviderFactory.java:165)
	at org.apache.maven.surefire.booter.ProviderFactory.invokeProvider(ProviderFactory.java:85)
	at org.apache.maven.surefire.booter.ForkedBooter.runSuitesInProcess(ForkedBooter.java:115)
	at org.apache.maven.surefire.booter.ForkedBooter.main(ForkedBooter.java:75)
</error>
    <system-out>you can&apos;t put a tool here!
this tool is not yours!
</system-out>
  </testcase>
  <testcase classname="AttackAndMoveTest" name="digMoatTest" time="0.097">
    <error message="Cannot invoke &quot;java.lang.Integer.intValue()&quot; because the return value of &quot;java.util.HashMap.get(Object)&quot; is null" type="java.lang.NullPointerException">java.lang.NullPointerException: Cannot invoke &quot;java.lang.Integer.intValue()&quot; because the return value of &quot;java.util.HashMap.get(Object)&quot; is null
	at controller.GameController.showMap(GameController.java:709)
	at AttackAndMoveTest.digMoatTest(AttackAndMoveTest.java:116)
	at java.base/jdk.internal.reflect.DirectMethodHandleAccessor.invoke(DirectMethodHandleAccessor.java:104)
	at java.base/java.lang.reflect.Method.invoke(Method.java:578)
	at org.junit.runners.model.FrameworkMethod$1.runReflectiveCall(FrameworkMethod.java:59)
	at org.junit.internal.runners.model.ReflectiveCallable.run(ReflectiveCallable.java:12)
	at org.junit.runners.model.FrameworkMethod.invokeExplosively(FrameworkMethod.java:56)
	at org.junit.internal.runners.statements.InvokeMethod.evaluate(InvokeMethod.java:17)
	at org.junit.runners.ParentRunner$3.evaluate(ParentRunner.java:306)
	at org.junit.runners.BlockJUnit4ClassRunner$1.evaluate(BlockJUnit4ClassRunner.java:100)
	at org.junit.runners.ParentRunner.runLeaf(ParentRunner.java:366)
	at org.junit.runners.BlockJUnit4ClassRunner.runChild(BlockJUnit4ClassRunner.java:103)
	at org.junit.runners.BlockJUnit4ClassRunner.runChild(BlockJUnit4ClassRunner.java:63)
	at org.junit.runners.ParentRunner$4.run(ParentRunner.java:331)
	at org.junit.runners.ParentRunner$1.schedule(ParentRunner.java:79)
	at org.junit.runners.ParentRunner.runChildren(ParentRunner.java:329)
	at org.junit.runners.ParentRunner.access$100(ParentRunner.java:66)
	at org.junit.runners.ParentRunner$2.evaluate(ParentRunner.java:293)
	at org.junit.runners.ParentRunner$3.evaluate(ParentRunner.java:306)
	at org.junit.runners.ParentRunner.run(ParentRunner.java:413)
	at org.apache.maven.surefire.junit4.JUnit4Provider.execute(JUnit4Provider.java:252)
	at org.apache.maven.surefire.junit4.JUnit4Provider.executeTestSet(JUnit4Provider.java:141)
	at org.apache.maven.surefire.junit4.JUnit4Provider.invoke(JUnit4Provider.java:112)
	at java.base/jdk.internal.reflect.DirectMethodHandleAccessor.invoke(DirectMethodHandleAccessor.java:104)
	at java.base/java.lang.reflect.Method.invoke(Method.java:578)
	at org.apache.maven.surefire.util.ReflectionUtils.invokeMethodWithArray(ReflectionUtils.java:189)
	at org.apache.maven.surefire.booter.ProviderFactory$ProviderProxy.invoke(ProviderFactory.java:165)
	at org.apache.maven.surefire.booter.ProviderFactory.invokeProvider(ProviderFactory.java:85)
	at org.apache.maven.surefire.booter.ForkedBooter.runSuitesInProcess(ForkedBooter.java:115)
	at org.apache.maven.surefire.booter.ForkedBooter.main(ForkedBooter.java:75)
</error>
  </testcase>
  <testcase classname="AttackAndMoveTest" name="attackToolWithSiegeTower" time="0.034">
    <error message="Cannot invoke &quot;model.activity.Move.moveOneTurn()&quot; because the return value of &quot;model.human.military.Military.getMove()&quot; is null" type="java.lang.NullPointerException">java.lang.NullPointerException: Cannot invoke &quot;model.activity.Move.moveOneTurn()&quot; because the return value of &quot;model.human.military.Military.getMove()&quot; is null
	at AttackAndMoveTest.attackToolWithSiegeTower(AttackAndMoveTest.java:416)
	at java.base/jdk.internal.reflect.DirectMethodHandleAccessor.invoke(DirectMethodHandleAccessor.java:104)
	at java.base/java.lang.reflect.Method.invoke(Method.java:578)
	at org.junit.runners.model.FrameworkMethod$1.runReflectiveCall(FrameworkMethod.java:59)
	at org.junit.internal.runners.model.ReflectiveCallable.run(ReflectiveCallable.java:12)
	at org.junit.runners.model.FrameworkMethod.invokeExplosively(FrameworkMethod.java:56)
	at org.junit.internal.runners.statements.InvokeMethod.evaluate(InvokeMethod.java:17)
	at org.junit.runners.ParentRunner$3.evaluate(ParentRunner.java:306)
	at org.junit.runners.BlockJUnit4ClassRunner$1.evaluate(BlockJUnit4ClassRunner.java:100)
	at org.junit.runners.ParentRunner.runLeaf(ParentRunner.java:366)
	at org.junit.runners.BlockJUnit4ClassRunner.runChild(BlockJUnit4ClassRunner.java:103)
	at org.junit.runners.BlockJUnit4ClassRunner.runChild(BlockJUnit4ClassRunner.java:63)
	at org.junit.runners.ParentRunner$4.run(ParentRunner.java:331)
	at org.junit.runners.ParentRunner$1.schedule(ParentRunner.java:79)
	at org.junit.runners.ParentRunner.runChildren(ParentRunner.java:329)
	at org.junit.runners.ParentRunner.access$100(ParentRunner.java:66)
	at org.junit.runners.ParentRunner$2.evaluate(ParentRunner.java:293)
	at org.junit.runners.ParentRunner$3.evaluate(ParentRunner.java:306)
	at org.junit.runners.ParentRunner.run(ParentRunner.java:413)
	at org.apache.maven.surefire.junit4.JUnit4Provider.execute(JUnit4Provider.java:252)
	at org.apache.maven.surefire.junit4.JUnit4Provider.executeTestSet(JUnit4Provider.java:141)
	at org.apache.maven.surefire.junit4.JUnit4Provider.invoke(JUnit4Provider.java:112)
	at java.base/jdk.internal.reflect.DirectMethodHandleAccessor.invoke(DirectMethodHandleAccessor.java:104)
	at java.base/java.lang.reflect.Method.invoke(Method.java:578)
	at org.apache.maven.surefire.util.ReflectionUtils.invokeMethodWithArray(ReflectionUtils.java:189)
	at org.apache.maven.surefire.booter.ProviderFactory$ProviderProxy.invoke(ProviderFactory.java:165)
	at org.apache.maven.surefire.booter.ProviderFactory.invokeProvider(ProviderFactory.java:85)
	at org.apache.maven.surefire.booter.ForkedBooter.runSuitesInProcess(ForkedBooter.java:115)
	at org.apache.maven.surefire.booter.ForkedBooter.main(ForkedBooter.java:75)
</error>
    <system-out>you can&apos;t put a tool here!
this tool is not yours!
</system-out>
  </testcase>
  <testcase classname="AttackAndMoveTest" name="pourOilTest" time="0.066">
    <error message="Cannot invoke &quot;java.lang.Integer.intValue()&quot; because the return value of &quot;java.util.HashMap.get(Object)&quot; is null" type="java.lang.NullPointerException">java.lang.NullPointerException: Cannot invoke &quot;java.lang.Integer.intValue()&quot; because the return value of &quot;java.util.HashMap.get(Object)&quot; is null
	at controller.GameController.showMap(GameController.java:709)
	at AttackAndMoveTest.pourOilTest(AttackAndMoveTest.java:486)
	at java.base/jdk.internal.reflect.DirectMethodHandleAccessor.invoke(DirectMethodHandleAccessor.java:104)
	at java.base/java.lang.reflect.Method.invoke(Method.java:578)
	at org.junit.runners.model.FrameworkMethod$1.runReflectiveCall(FrameworkMethod.java:59)
	at org.junit.internal.runners.model.ReflectiveCallable.run(ReflectiveCallable.java:12)
	at org.junit.runners.model.FrameworkMethod.invokeExplosively(FrameworkMethod.java:56)
	at org.junit.internal.runners.statements.InvokeMethod.evaluate(InvokeMethod.java:17)
	at org.junit.runners.ParentRunner$3.evaluate(ParentRunner.java:306)
	at org.junit.runners.BlockJUnit4ClassRunner$1.evaluate(BlockJUnit4ClassRunner.java:100)
	at org.junit.runners.ParentRunner.runLeaf(ParentRunner.java:366)
	at org.junit.runners.BlockJUnit4ClassRunner.runChild(BlockJUnit4ClassRunner.java:103)
	at org.junit.runners.BlockJUnit4ClassRunner.runChild(BlockJUnit4ClassRunner.java:63)
	at org.junit.runners.ParentRunner$4.run(ParentRunner.java:331)
	at org.junit.runners.ParentRunner$1.schedule(ParentRunner.java:79)
	at org.junit.runners.ParentRunner.runChildren(ParentRunner.java:329)
	at org.junit.runners.ParentRunner.access$100(ParentRunner.java:66)
	at org.junit.runners.ParentRunner$2.evaluate(ParentRunner.java:293)
	at org.junit.runners.ParentRunner$3.evaluate(ParentRunner.java:306)
	at org.junit.runners.ParentRunner.run(ParentRunner.java:413)
	at org.apache.maven.surefire.junit4.JUnit4Provider.execute(JUnit4Provider.java:252)
	at org.apache.maven.surefire.junit4.JUnit4Provider.executeTestSet(JUnit4Provider.java:141)
	at org.apache.maven.surefire.junit4.JUnit4Provider.invoke(JUnit4Provider.java:112)
	at java.base/jdk.internal.reflect.DirectMethodHandleAccessor.invoke(DirectMethodHandleAccessor.java:104)
	at java.base/java.lang.reflect.Method.invoke(Method.java:578)
	at org.apache.maven.surefire.util.ReflectionUtils.invokeMethodWithArray(ReflectionUtils.java:189)
	at org.apache.maven.surefire.booter.ProviderFactory$ProviderProxy.invoke(ProviderFactory.java:165)
	at org.apache.maven.surefire.booter.ProviderFactory.invokeProvider(ProviderFactory.java:85)
	at org.apache.maven.surefire.booter.ForkedBooter.runSuitesInProcess(ForkedBooter.java:115)
	at org.apache.maven.surefire.booter.ForkedBooter.main(ForkedBooter.java:75)
</error>
  </testcase>
  <testcase classname="AttackAndMoveTest" name="attackToolToBuilding" time="0.03">
    <error message="Cannot invoke &quot;model.activity.Move.moveOneTurn()&quot; because the return value of &quot;model.human.military.Military.getMove()&quot; is null" type="java.lang.NullPointerException">java.lang.NullPointerException: Cannot invoke &quot;model.activity.Move.moveOneTurn()&quot; because the return value of &quot;model.human.military.Military.getMove()&quot; is null
	at AttackAndMoveTest.attackToolToBuilding(AttackAndMoveTest.java:359)
	at java.base/jdk.internal.reflect.DirectMethodHandleAccessor.invoke(DirectMethodHandleAccessor.java:104)
	at java.base/java.lang.reflect.Method.invoke(Method.java:578)
	at org.junit.runners.model.FrameworkMethod$1.runReflectiveCall(FrameworkMethod.java:59)
	at org.junit.internal.runners.model.ReflectiveCallable.run(ReflectiveCallable.java:12)
	at org.junit.runners.model.FrameworkMethod.invokeExplosively(FrameworkMethod.java:56)
	at org.junit.internal.runners.statements.InvokeMethod.evaluate(InvokeMethod.java:17)
	at org.junit.runners.ParentRunner$3.evaluate(ParentRunner.java:306)
	at org.junit.runners.BlockJUnit4ClassRunner$1.evaluate(BlockJUnit4ClassRunner.java:100)
	at org.junit.runners.ParentRunner.runLeaf(ParentRunner.java:366)
	at org.junit.runners.BlockJUnit4ClassRunner.runChild(BlockJUnit4ClassRunner.java:103)
	at org.junit.runners.BlockJUnit4ClassRunner.runChild(BlockJUnit4ClassRunner.java:63)
	at org.junit.runners.ParentRunner$4.run(ParentRunner.java:331)
	at org.junit.runners.ParentRunner$1.schedule(ParentRunner.java:79)
	at org.junit.runners.ParentRunner.runChildren(ParentRunner.java:329)
	at org.junit.runners.ParentRunner.access$100(ParentRunner.java:66)
	at org.junit.runners.ParentRunner$2.evaluate(ParentRunner.java:293)
	at org.junit.runners.ParentRunner$3.evaluate(ParentRunner.java:306)
	at org.junit.runners.ParentRunner.run(ParentRunner.java:413)
	at org.apache.maven.surefire.junit4.JUnit4Provider.execute(JUnit4Provider.java:252)
	at org.apache.maven.surefire.junit4.JUnit4Provider.executeTestSet(JUnit4Provider.java:141)
	at org.apache.maven.surefire.junit4.JUnit4Provider.invoke(JUnit4Provider.java:112)
	at java.base/jdk.internal.reflect.DirectMethodHandleAccessor.invoke(DirectMethodHandleAccessor.java:104)
	at java.base/java.lang.reflect.Method.invoke(Method.java:578)
	at org.apache.maven.surefire.util.ReflectionUtils.invokeMethodWithArray(ReflectionUtils.java:189)
	at org.apache.maven.surefire.booter.ProviderFactory$ProviderProxy.invoke(ProviderFactory.java:165)
	at org.apache.maven.surefire.booter.ProviderFactory.invokeProvider(ProviderFactory.java:85)
	at org.apache.maven.surefire.booter.ForkedBooter.runSuitesInProcess(ForkedBooter.java:115)
	at org.apache.maven.surefire.booter.ForkedBooter.main(ForkedBooter.java:75)
</error>
    <system-out>you can&apos;t put a tool here!
this tool is not yours!
</system-out>
  </testcase>
  <testcase classname="AttackAndMoveTest" name="digTunnelTest" time="0.049">
    <error message="Cannot invoke &quot;java.lang.Integer.intValue()&quot; because the return value of &quot;java.util.HashMap.get(Object)&quot; is null" type="java.lang.NullPointerException">java.lang.NullPointerException: Cannot invoke &quot;java.lang.Integer.intValue()&quot; because the return value of &quot;java.util.HashMap.get(Object)&quot; is null
	at controller.GameController.showMap(GameController.java:709)
	at AttackAndMoveTest.digTunnelTest(AttackAndMoveTest.java:152)
	at java.base/jdk.internal.reflect.DirectMethodHandleAccessor.invoke(DirectMethodHandleAccessor.java:104)
	at java.base/java.lang.reflect.Method.invoke(Method.java:578)
	at org.junit.runners.model.FrameworkMethod$1.runReflectiveCall(FrameworkMethod.java:59)
	at org.junit.internal.runners.model.ReflectiveCallable.run(ReflectiveCallable.java:12)
	at org.junit.runners.model.FrameworkMethod.invokeExplosively(FrameworkMethod.java:56)
	at org.junit.internal.runners.statements.InvokeMethod.evaluate(InvokeMethod.java:17)
	at org.junit.runners.ParentRunner$3.evaluate(ParentRunner.java:306)
	at org.junit.runners.BlockJUnit4ClassRunner$1.evaluate(BlockJUnit4ClassRunner.java:100)
	at org.junit.runners.ParentRunner.runLeaf(ParentRunner.java:366)
	at org.junit.runners.BlockJUnit4ClassRunner.runChild(BlockJUnit4ClassRunner.java:103)
	at org.junit.runners.BlockJUnit4ClassRunner.runChild(BlockJUnit4ClassRunner.java:63)
	at org.junit.runners.ParentRunner$4.run(ParentRunner.java:331)
	at org.junit.runners.ParentRunner$1.schedule(ParentRunner.java:79)
	at org.junit.runners.ParentRunner.runChildren(ParentRunner.java:329)
	at org.junit.runners.ParentRunner.access$100(ParentRunner.java:66)
	at org.junit.runners.ParentRunner$2.evaluate(ParentRunner.java:293)
	at org.junit.runners.ParentRunner$3.evaluate(ParentRunner.java:306)
	at org.junit.runners.ParentRunner.run(ParentRunner.java:413)
	at org.apache.maven.surefire.junit4.JUnit4Provider.execute(JUnit4Provider.java:252)
	at org.apache.maven.surefire.junit4.JUnit4Provider.executeTestSet(JUnit4Provider.java:141)
	at org.apache.maven.surefire.junit4.JUnit4Provider.invoke(JUnit4Provider.java:112)
	at java.base/jdk.internal.reflect.DirectMethodHandleAccessor.invoke(DirectMethodHandleAccessor.java:104)
	at java.base/java.lang.reflect.Method.invoke(Method.java:578)
	at org.apache.maven.surefire.util.ReflectionUtils.invokeMethodWithArray(ReflectionUtils.java:189)
	at org.apache.maven.surefire.booter.ProviderFactory$ProviderProxy.invoke(ProviderFactory.java:165)
	at org.apache.maven.surefire.booter.ProviderFactory.invokeProvider(ProviderFactory.java:85)
	at org.apache.maven.surefire.booter.ForkedBooter.runSuitesInProcess(ForkedBooter.java:115)
	at org.apache.maven.surefire.booter.ForkedBooter.main(ForkedBooter.java:75)
</error>
  </testcase>
  <testcase classname="AttackAndMoveTest" name="patrolTool" time="0.031">
    <error message="Cannot invoke &quot;model.activity.Move.moveOneTurn()&quot; because the return value of &quot;model.human.military.Military.getMove()&quot; is null" type="java.lang.NullPointerException">java.lang.NullPointerException: Cannot invoke &quot;model.activity.Move.moveOneTurn()&quot; because the return value of &quot;model.human.military.Military.getMove()&quot; is null
	at AttackAndMoveTest.patrolTool(AttackAndMoveTest.java:240)
	at java.base/jdk.internal.reflect.DirectMethodHandleAccessor.invoke(DirectMethodHandleAccessor.java:104)
	at java.base/java.lang.reflect.Method.invoke(Method.java:578)
	at org.junit.runners.model.FrameworkMethod$1.runReflectiveCall(FrameworkMethod.java:59)
	at org.junit.internal.runners.model.ReflectiveCallable.run(ReflectiveCallable.java:12)
	at org.junit.runners.model.FrameworkMethod.invokeExplosively(FrameworkMethod.java:56)
	at org.junit.internal.runners.statements.InvokeMethod.evaluate(InvokeMethod.java:17)
	at org.junit.runners.ParentRunner$3.evaluate(ParentRunner.java:306)
	at org.junit.runners.BlockJUnit4ClassRunner$1.evaluate(BlockJUnit4ClassRunner.java:100)
	at org.junit.runners.ParentRunner.runLeaf(ParentRunner.java:366)
	at org.junit.runners.BlockJUnit4ClassRunner.runChild(BlockJUnit4ClassRunner.java:103)
	at org.junit.runners.BlockJUnit4ClassRunner.runChild(BlockJUnit4ClassRunner.java:63)
	at org.junit.runners.ParentRunner$4.run(ParentRunner.java:331)
	at org.junit.runners.ParentRunner$1.schedule(ParentRunner.java:79)
	at org.junit.runners.ParentRunner.runChildren(ParentRunner.java:329)
	at org.junit.runners.ParentRunner.access$100(ParentRunner.java:66)
	at org.junit.runners.ParentRunner$2.evaluate(ParentRunner.java:293)
	at org.junit.runners.ParentRunner$3.evaluate(ParentRunner.java:306)
	at org.junit.runners.ParentRunner.run(ParentRunner.java:413)
	at org.apache.maven.surefire.junit4.JUnit4Provider.execute(JUnit4Provider.java:252)
	at org.apache.maven.surefire.junit4.JUnit4Provider.executeTestSet(JUnit4Provider.java:141)
	at org.apache.maven.surefire.junit4.JUnit4Provider.invoke(JUnit4Provider.java:112)
	at java.base/jdk.internal.reflect.DirectMethodHandleAccessor.invoke(DirectMethodHandleAccessor.java:104)
	at java.base/java.lang.reflect.Method.invoke(Method.java:578)
	at org.apache.maven.surefire.util.ReflectionUtils.invokeMethodWithArray(ReflectionUtils.java:189)
	at org.apache.maven.surefire.booter.ProviderFactory$ProviderProxy.invoke(ProviderFactory.java:165)
	at org.apache.maven.surefire.booter.ProviderFactory.invokeProvider(ProviderFactory.java:85)
	at org.apache.maven.surefire.booter.ForkedBooter.runSuitesInProcess(ForkedBooter.java:115)
	at org.apache.maven.surefire.booter.ForkedBooter.main(ForkedBooter.java:75)
</error>
    <system-out>you can&apos;t put a tool here!
this tool is not yours!
</system-out>
  </testcase>
</testsuite>