# JRE version: Java(TM) SE Runtime Environment (17.0.6+9) (build 17.0.6+9-LTS-190)
# Java VM: Java HotSpot(TM) 64-Bit Server VM (17.0.6+9-LTS-190, mixed mode, sharing, tiered, compressed oops, compressed class ptrs, g1 gc, windows-amd64)
GC Precious Log:
 CPUs: 16 total, 16 available
 Memory: 14188M
 Large Page Support: Disabled
 NUMA Support: Disabled
 Compressed Oops: Enabled (Zero based)
 Heap Region Size: 2M
 Heap Min Capacity: 8M
 Heap Initial Capacity: 222M
 Heap Max Capacity: 3548M
 Pre-touch: Disabled
 Parallel Workers: 13
 Concurrent Workers: 3
 Concurrent Refinement Workers: 13
 Periodic GC: Disabled
Heap:
 garbage-first heap   total 649216K, used 585500K [0x0000000722400000, 0x0000000800000000)
  region size 2048K, 3 young (6144K), 2 survivors (4096K)
 Metaspace       used 13772K, committed 14016K, reserved 1064960K
  class space    used 1646K, committed 1728K, reserved 1048576K
GC Heap History (20 events):
Event: 27.700 GC heap before
{Heap before GC invocations=35 (full 0):
 garbage-first heap   total 649216K, used 418642K [0x0000000722400000, 0x0000000800000000)
  region size 2048K, 15 young (30720K), 2 survivors (4096K)
 Metaspace       used 13593K, committed 13760K, reserved 1064960K
  class space    used 1646K, committed 1728K, reserved 1048576K
}
Event: 27.706 GC heap after
{Heap after GC invocations=36 (full 0):
 garbage-first heap   total 649216K, used 399140K [0x0000000722400000, 0x0000000800000000)
  region size 2048K, 2 young (4096K), 2 survivors (4096K)
 Metaspace       used 13593K, committed 13760K, reserved 1064960K
  class space    used 1646K, committed 1728K, reserved 1048576K
}
Event: 30.943 GC heap before
{Heap before GC invocations=36 (full 0):
 garbage-first heap   total 649216K, used 493348K [0x0000000722400000, 0x0000000800000000)
  region size 2048K, 48 young (98304K), 2 survivors (4096K)
 Metaspace       used 13615K, committed 13824K, reserved 1064960K
  class space    used 1646K, committed 1728K, reserved 1048576K
}
Event: 30.954 GC heap after
{Heap after GC invocations=37 (full 0):
 garbage-first heap   total 649216K, used 436943K [0x0000000722400000, 0x0000000800000000)
  region size 2048K, 6 young (12288K), 6 survivors (12288K)
 Metaspace       used 13615K, committed 13824K, reserved 1064960K
  class space    used 1646K, committed 1728K, reserved 1048576K
}
Event: 32.393 GC heap before
{Heap before GC invocations=37 (full 0):
 garbage-first heap   total 649216K, used 504527K [0x0000000722400000, 0x0000000800000000)
  region size 2048K, 39 young (79872K), 6 survivors (12288K)
 Metaspace       used 13752K, committed 13888K, reserved 1064960K
  class space    used 1646K, committed 1728K, reserved 1048576K
}
Event: 32.403 GC heap after
{Heap after GC invocations=38 (full 0):
 garbage-first heap   total 649216K, used 466457K [0x0000000722400000, 0x0000000800000000)
  region size 2048K, 5 young (10240K), 5 survivors (10240K)
 Metaspace       used 13752K, committed 13888K, reserved 1064960K
  class space    used 1646K, committed 1728K, reserved 1048576K
}
Event: 36.106 GC heap before
{Heap before GC invocations=38 (full 0):
 garbage-first heap   total 649216K, used 523801K [0x0000000722400000, 0x0000000800000000)
  region size 2048K, 33 young (67584K), 5 survivors (10240K)
 Metaspace       used 13762K, committed 13952K, reserved 1064960K
  class space    used 1646K, committed 1728K, reserved 1048576K
}
Event: 36.117 GC heap after
{Heap after GC invocations=39 (full 0):
 garbage-first heap   total 649216K, used 494380K [0x0000000722400000, 0x0000000800000000)
  region size 2048K, 5 young (10240K), 5 survivors (10240K)
 Metaspace       used 13762K, committed 13952K, reserved 1064960K
  class space    used 1646K, committed 1728K, reserved 1048576K
}
Event: 38.749 GC heap before
{Heap before GC invocations=39 (full 0):
 garbage-first heap   total 649216K, used 537388K [0x0000000722400000, 0x0000000800000000)
  region size 2048K, 26 young (53248K), 5 survivors (10240K)
 Metaspace       used 13765K, committed 13952K, reserved 1064960K
  class space    used 1646K, committed 1728K, reserved 1048576K
}
Event: 38.759 GC heap after
{Heap after GC invocations=40 (full 0):
 garbage-first heap   total 649216K, used 517623K [0x0000000722400000, 0x0000000800000000)
  region size 2048K, 4 young (8192K), 4 survivors (8192K)
 Metaspace       used 13765K, committed 13952K, reserved 1064960K
  class space    used 1646K, committed 1728K, reserved 1048576K
}
Event: 39.460 GC heap before
{Heap before GC invocations=40 (full 0):
 garbage-first heap   total 649216K, used 548343K [0x0000000722400000, 0x0000000800000000)
  region size 2048K, 19 young (38912K), 4 survivors (8192K)
 Metaspace       used 13766K, committed 14016K, reserved 1064960K
  class space    used 1646K, committed 1728K, reserved 1048576K
}
Event: 39.468 GC heap after
{Heap after GC invocations=41 (full 0):
 garbage-first heap   total 649216K, used 533896K [0x0000000722400000, 0x0000000800000000)
  region size 2048K, 3 young (6144K), 3 survivors (6144K)
 Metaspace       used 13766K, committed 14016K, reserved 1064960K
  class space    used 1646K, committed 1728K, reserved 1048576K
}
Event: 42.066 GC heap before
{Heap before GC invocations=41 (full 0):
 garbage-first heap   total 649216K, used 558472K [0x0000000722400000, 0x0000000800000000)
  region size 2048K, 15 young (30720K), 3 survivors (6144K)
 Metaspace       used 13768K, committed 14016K, reserved 1064960K
  class space    used 1646K, committed 1728K, reserved 1048576K
}
Event: 42.073 GC heap after
{Heap after GC invocations=42 (full 0):
 garbage-first heap   total 649216K, used 547633K [0x0000000722400000, 0x0000000800000000)
  region size 2048K, 2 young (4096K), 2 survivors (4096K)
 Metaspace       used 13768K, committed 14016K, reserved 1064960K
  class space    used 1646K, committed 1728K, reserved 1048576K
}
Event: 43.268 GC heap before
{Heap before GC invocations=42 (full 0):
 garbage-first heap   total 649216K, used 574257K [0x0000000722400000, 0x0000000800000000)
  region size 2048K, 15 young (30720K), 2 survivors (4096K)
 Metaspace       used 13772K, committed 14016K, reserved 1064960K
  class space    used 1646K, committed 1728K, reserved 1048576K
}
Event: 43.275 GC heap after
{Heap after GC invocations=43 (full 0):
 garbage-first heap   total 649216K, used 562260K [0x0000000722400000, 0x0000000800000000)
  region size 2048K, 2 young (4096K), 2 survivors (4096K)
 Metaspace       used 13772K, committed 14016K, reserved 1064960K
  class space    used 1646K, committed 1728K, reserved 1048576K
}
Event: 44.070 GC heap before
{Heap before GC invocations=43 (full 0):
 garbage-first heap   total 649216K, used 588884K [0x0000000722400000, 0x0000000800000000)
  region size 2048K, 15 young (30720K), 2 survivors (4096K)
 Metaspace       used 13772K, committed 14016K, reserved 1064960K
  class space    used 1646K, committed 1728K, reserved 1048576K
}
Event: 44.076 GC heap after
{Heap after GC invocations=44 (full 0):
 garbage-first heap   total 649216K, used 574449K [0x0000000722400000, 0x0000000800000000)
  region size 2048K, 2 young (4096K), 2 survivors (4096K)
 Metaspace       used 13772K, committed 14016K, reserved 1064960K
  class space    used 1646K, committed 1728K, reserved 1048576K
}
Event: 44.865 GC heap before
{Heap before GC invocations=44 (full 0):
 garbage-first heap   total 649216K, used 601073K [0x0000000722400000, 0x0000000800000000)
  region size 2048K, 15 young (30720K), 2 survivors (4096K)
 Metaspace       used 13772K, committed 14016K, reserved 1064960K
  class space    used 1646K, committed 1728K, reserved 1048576K
}
Event: 44.872 GC heap after
{Heap after GC invocations=45 (full 0):
 garbage-first heap   total 649216K, used 585500K [0x0000000722400000, 0x0000000800000000)
  region size 2048K, 2 young (4096K), 2 survivors (4096K)
 Metaspace       used 13772K, committed 14016K, reserved 1064960K
  class space    used 1646K, committed 1728K, reserved 1048576K
}

