# JRE version: Java(TM) SE Runtime Environment (19.0.2+7) (build 19.0.2+7-44)
# Java VM: Java HotSpot(TM) 64-Bit Server VM (19.0.2+7-44, mixed mode, sharing, tiered, compressed oops, compressed class ptrs, g1 gc, windows-amd64)
GC Precious Log:
 CardTable entry size: 512
 Card Set container configuration: InlinePtr #cards 4 size 8 Array Of Cards #cards 64 size 144 Howl #buckets 8 coarsen threshold 14745 Howl Bitmap #cards 2048 size 272 coarsen threshold 1843 Card regions per heap region 1 cards per card region 16384
 CPUs: 16 total, 16 available
 Memory: 14188M
 Large Page Support: Disabled
 NUMA Support: Disabled
 Compressed Oops: Enabled (Zero based)
 Heap Region Size: 8M
 Heap Min Capacity: 8M
 Heap Initial Capacity: 224M
 Heap Max Capacity: 10G
 Pre-touch: Disabled
 Parallel Workers: 13
 Concurrent Workers: 3
 Concurrent Refinement Workers: 13
 Periodic GC: Disabled
Heap:
 garbage-first heap   total 1179648K, used 956015K [0x0000000580000000, 0x0000000800000000)
  region size 8192K, 1 young (8192K), 1 survivors (8192K)
 Metaspace       used 21135K, committed 21504K, reserved 1114112K
  class space    used 2687K, committed 2880K, reserved 1048576K
GC Heap History (20 events):
Event: 49.823 GC heap after
{Heap after GC invocations=28 (full 0):
 garbage-first heap   total 811008K, used 537721K [0x0000000580000000, 0x0000000800000000)
  region size 8192K, 2 young (16384K), 2 survivors (16384K)
 Metaspace       used 16269K, committed 16576K, reserved 1114112K
  class space    used 2033K, committed 2176K, reserved 1048576K
}
Event: 52.039 GC heap before
{Heap before GC invocations=28 (full 0):
 garbage-first heap   total 811008K, used 595065K [0x0000000580000000, 0x0000000800000000)
  region size 8192K, 10 young (81920K), 2 survivors (16384K)
 Metaspace       used 19933K, committed 20288K, reserved 1114112K
  class space    used 2622K, committed 2752K, reserved 1048576K
}
Event: 52.077 GC heap after
{Heap after GC invocations=29 (full 0):
 garbage-first heap   total 811008K, used 570810K [0x0000000580000000, 0x0000000800000000)
  region size 8192K, 2 young (16384K), 2 survivors (16384K)
 Metaspace       used 19933K, committed 20288K, reserved 1114112K
  class space    used 2622K, committed 2752K, reserved 1048576K
}
Event: 75.696 GC heap before
{Heap before GC invocations=29 (full 0):
 garbage-first heap   total 811008K, used 619962K [0x0000000580000000, 0x0000000800000000)
  region size 8192K, 8 young (65536K), 2 survivors (16384K)
 Metaspace       used 20784K, committed 21120K, reserved 1114112K
  class space    used 2658K, committed 2816K, reserved 1048576K
}
Event: 75.719 GC heap after
{Heap after GC invocations=30 (full 0):
 garbage-first heap   total 811008K, used 594272K [0x0000000580000000, 0x0000000800000000)
  region size 8192K, 1 young (8192K), 1 survivors (8192K)
 Metaspace       used 20784K, committed 21120K, reserved 1114112K
  class space    used 2658K, committed 2816K, reserved 1048576K
}
Event: 91.650 GC heap before
{Heap before GC invocations=30 (full 0):
 garbage-first heap   total 811008K, used 635232K [0x0000000580000000, 0x0000000800000000)
  region size 8192K, 6 young (49152K), 1 survivors (8192K)
 Metaspace       used 21069K, committed 21440K, reserved 1114112K
  class space    used 2679K, committed 2880K, reserved 1048576K
}
Event: 91.669 GC heap after
{Heap after GC invocations=31 (full 0):
 garbage-first heap   total 811008K, used 608500K [0x0000000580000000, 0x0000000800000000)
  region size 8192K, 1 young (8192K), 1 survivors (8192K)
 Metaspace       used 21069K, committed 21440K, reserved 1114112K
  class space    used 2679K, committed 2880K, reserved 1048576K
}
Event: 92.054 GC heap before
{Heap before GC invocations=31 (full 0):
 garbage-first heap   total 811008K, used 649460K [0x0000000580000000, 0x0000000800000000)
  region size 8192K, 6 young (49152K), 1 survivors (8192K)
 Metaspace       used 21127K, committed 21504K, reserved 1114112K
  class space    used 2686K, committed 2880K, reserved 1048576K
}
Event: 92.072 GC heap after
{Heap after GC invocations=32 (full 0):
 garbage-first heap   total 811008K, used 643546K [0x0000000580000000, 0x0000000800000000)
  region size 8192K, 1 young (8192K), 1 survivors (8192K)
 Metaspace       used 21127K, committed 21504K, reserved 1114112K
  class space    used 2686K, committed 2880K, reserved 1048576K
}
Event: 92.217 GC heap before
{Heap before GC invocations=32 (full 0):
 garbage-first heap   total 811008K, used 668122K [0x0000000580000000, 0x0000000800000000)
  region size 8192K, 4 young (32768K), 1 survivors (8192K)
 Metaspace       used 21132K, committed 21504K, reserved 1114112K
  class space    used 2686K, committed 2880K, reserved 1048576K
}
Event: 92.234 GC heap after
{Heap after GC invocations=33 (full 0):
 garbage-first heap   total 811008K, used 666673K [0x0000000580000000, 0x0000000800000000)
  region size 8192K, 1 young (8192K), 1 survivors (8192K)
 Metaspace       used 21132K, committed 21504K, reserved 1114112K
  class space    used 2686K, committed 2880K, reserved 1048576K
}
Event: 92.317 GC heap before
{Heap before GC invocations=33 (full 0):
 garbage-first heap   total 811008K, used 691249K [0x0000000580000000, 0x0000000800000000)
  region size 8192K, 4 young (32768K), 1 survivors (8192K)
 Metaspace       used 21132K, committed 21504K, reserved 1114112K
  class space    used 2686K, committed 2880K, reserved 1048576K
}
Event: 92.332 GC heap after
{Heap after GC invocations=34 (full 0):
 garbage-first heap   total 1179648K, used 689877K [0x0000000580000000, 0x0000000800000000)
  region size 8192K, 1 young (8192K), 1 survivors (8192K)
 Metaspace       used 21132K, committed 21504K, reserved 1114112K
  class space    used 2686K, committed 2880K, reserved 1048576K
}
Event: 93.051 GC heap before
{Heap before GC invocations=34 (full 0):
 garbage-first heap   total 1179648K, used 804565K [0x0000000580000000, 0x0000000800000000)
  region size 8192K, 15 young (122880K), 1 survivors (8192K)
 Metaspace       used 21133K, committed 21504K, reserved 1114112K
  class space    used 2686K, committed 2880K, reserved 1048576K
}
Event: 93.118 GC heap after
{Heap after GC invocations=35 (full 0):
 garbage-first heap   total 1179648K, used 789910K [0x0000000580000000, 0x0000000800000000)
  region size 8192K, 2 young (16384K), 2 survivors (16384K)
 Metaspace       used 21133K, committed 21504K, reserved 1114112K
  class space    used 2686K, committed 2880K, reserved 1048576K
}
Event: 93.990 GC heap before
{Heap before GC invocations=35 (full 0):
 garbage-first heap   total 1179648K, used 871830K [0x0000000580000000, 0x0000000800000000)
  region size 8192K, 12 young (98304K), 2 survivors (16384K)
 Metaspace       used 21135K, committed 21504K, reserved 1114112K
  class space    used 2687K, committed 2880K, reserved 1048576K
}
Event: 94.038 GC heap after
{Heap after GC invocations=36 (full 0):
 garbage-first heap   total 1179648K, used 865644K [0x0000000580000000, 0x0000000800000000)
  region size 8192K, 2 young (16384K), 2 survivors (16384K)
 Metaspace       used 21135K, committed 21504K, reserved 1114112K
  class space    used 2687K, committed 2880K, reserved 1048576K
}
Event: 94.705 GC heap before
{Heap before GC invocations=36 (full 0):
 garbage-first heap   total 1179648K, used 922988K [0x0000000580000000, 0x0000000800000000)
  region size 8192K, 9 young (73728K), 2 survivors (16384K)
 Metaspace       used 21135K, committed 21504K, reserved 1114112K
  class space    used 2687K, committed 2880K, reserved 1048576K
}
Event: 94.762 GC heap after
{Heap after GC invocations=37 (full 0):
 garbage-first heap   total 1179648K, used 918528K [0x0000000580000000, 0x0000000800000000)
  region size 8192K, 2 young (16384K), 2 survivors (16384K)
 Metaspace       used 21135K, committed 21504K, reserved 1114112K
  class space    used 2687K, committed 2880K, reserved 1048576K
}
Event: 95.332 GC heap before
{Heap before GC invocations=37 (full 0):
 garbage-first heap   total 1179648K, used 959488K [0x0000000580000000, 0x0000000800000000)
  region size 8192K, 7 young (57344K), 2 survivors (16384K)
 Metaspace       used 21135K, committed 21504K, reserved 1114112K
  class space    used 2687K, committed 2880K, reserved 1048576K
}

