# JRE version: Java(TM) SE Runtime Environment (17.0.6+9) (build 17.0.6+9-LTS-190)
# Java VM: Java HotSpot(TM) 64-Bit Server VM (17.0.6+9-LTS-190, mixed mode, sharing, tiered, compressed oops, compressed class ptrs, g1 gc, windows-amd64)
GC Precious Log:
 CPUs: 16 total, 16 available
 Memory: 14188M
 Large Page Support: Disabled
 NUMA Support: Disabled
 Compressed Oops: Enabled (Zero based)
 Heap Region Size: 2M
 Heap Min Capacity: 8M
 Heap Initial Capacity: 222M
 Heap Max Capacity: 3548M
 Pre-touch: Disabled
 Parallel Workers: 13
 Concurrent Workers: 3
 Concurrent Refinement Workers: 13
 Periodic GC: Disabled
Heap:
 garbage-first heap   total 227328K, used 111512K [0x0000000722400000, 0x0000000800000000)
  region size 2048K, 18 young (36864K), 4 survivors (8192K)
 Metaspace       used 10165K, committed 10368K, reserved 1064960K
  class space    used 1266K, committed 1344K, reserved 1048576K
GC Heap History (10 events):
Event: 0.469 GC heap before
{Heap before GC invocations=0 (full 0):
 garbage-first heap   total 227328K, used 24576K [0x0000000722400000, 0x0000000800000000)
  region size 2048K, 11 young (22528K), 0 survivors (0K)
 Metaspace       used 3972K, committed 4160K, reserved 1056768K
  class space    used 407K, committed 512K, reserved 1048576K
}
Event: 0.471 GC heap after
{Heap after GC invocations=1 (full 0):
 garbage-first heap   total 227328K, used 6856K [0x0000000722400000, 0x0000000800000000)
  region size 2048K, 2 young (4096K), 2 survivors (4096K)
 Metaspace       used 3972K, committed 4160K, reserved 1056768K
  class space    used 407K, committed 512K, reserved 1048576K
}
Event: 0.676 GC heap before
{Heap before GC invocations=1 (full 0):
 garbage-first heap   total 227328K, used 45768K [0x0000000722400000, 0x0000000800000000)
  region size 2048K, 21 young (43008K), 2 survivors (4096K)
 Metaspace       used 8977K, committed 9152K, reserved 1064960K
  class space    used 1137K, committed 1216K, reserved 1048576K
}
Event: 0.686 GC heap after
{Heap after GC invocations=2 (full 0):
 garbage-first heap   total 227328K, used 25554K [0x0000000722400000, 0x0000000800000000)
  region size 2048K, 3 young (6144K), 3 survivors (6144K)
 Metaspace       used 8977K, committed 9152K, reserved 1064960K
  class space    used 1137K, committed 1216K, reserved 1048576K
}
Event: 0.997 GC heap before
{Heap before GC invocations=2 (full 0):
 garbage-first heap   total 227328K, used 56274K [0x0000000722400000, 0x0000000800000000)
  region size 2048K, 18 young (36864K), 3 survivors (6144K)
 Metaspace       used 9941K, committed 10176K, reserved 1064960K
  class space    used 1253K, committed 1344K, reserved 1048576K
}
Event: 1.005 GC heap after
{Heap after GC invocations=3 (full 0):
 garbage-first heap   total 227328K, used 40960K [0x0000000722400000, 0x0000000800000000)
  region size 2048K, 3 young (6144K), 3 survivors (6144K)
 Metaspace       used 9941K, committed 10176K, reserved 1064960K
  class space    used 1253K, committed 1344K, reserved 1048576K
}
Event: 1.219 GC heap before
{Heap before GC invocations=3 (full 0):
 garbage-first heap   total 227328K, used 69632K [0x0000000722400000, 0x0000000800000000)
  region size 2048K, 17 young (34816K), 3 survivors (6144K)
 Metaspace       used 10165K, committed 10368K, reserved 1064960K
  class space    used 1266K, committed 1344K, reserved 1048576K
}
Event: 1.224 GC heap after
{Heap after GC invocations=4 (full 0):
 garbage-first heap   total 227328K, used 56564K [0x0000000722400000, 0x0000000800000000)
  region size 2048K, 3 young (6144K), 3 survivors (6144K)
 Metaspace       used 10165K, committed 10368K, reserved 1064960K
  class space    used 1266K, committed 1344K, reserved 1048576K
}
Event: 1.729 GC heap before
{Heap before GC invocations=4 (full 0):
 garbage-first heap   total 227328K, used 111860K [0x0000000722400000, 0x0000000800000000)
  region size 2048K, 30 young (61440K), 3 survivors (6144K)
 Metaspace       used 10165K, committed 10368K, reserved 1064960K
  class space    used 1266K, committed 1344K, reserved 1048576K
}
Event: 1.742 GC heap after
{Heap after GC invocations=5 (full 0):
 garbage-first heap   total 227328K, used 84888K [0x0000000722400000, 0x0000000800000000)
  region size 2048K, 4 young (8192K), 4 survivors (8192K)
 Metaspace       used 10165K, committed 10368K, reserved 1064960K
  class space    used 1266K, committed 1344K, reserved 1048576K
}

