# JRE version: Java(TM) SE Runtime Environment (17.0.6+9) (build 17.0.6+9-LTS-190)
# Java VM: Java HotSpot(TM) 64-Bit Server VM (17.0.6+9-LTS-190, mixed mode, sharing, tiered, compressed oops, compressed class ptrs, g1 gc, windows-amd64)
GC Precious Log:
 CPUs: 16 total, 16 available
 Memory: 14188M
 Large Page Support: Disabled
 NUMA Support: Disabled
 Compressed Oops: Enabled (Zero based)
 Heap Region Size: 8M
 Heap Min Capacity: 8M
 Heap Initial Capacity: 224M
 Heap Max Capacity: 10G
 Pre-touch: Disabled
 Parallel Workers: 13
 Concurrent Workers: 3
 Concurrent Refinement Workers: 13
 Periodic GC: Disabled
Heap:
 garbage-first heap   total 229376K, used 161368K [0x0000000580000000, 0x0000000800000000)
  region size 8192K, 1 young (8192K), 1 survivors (8192K)
 Metaspace       used 20221K, committed 20480K, reserved 1073152K
  class space    used 2696K, committed 2816K, reserved 1048576K
GC Heap History (19 events):
Event: 0.194 GC heap before
{Heap before GC invocations=0 (full 0):
 garbage-first heap   total 229376K, used 16384K [0x0000000580000000, 0x0000000800000000)
  region size 8192K, 2 young (16384K), 0 survivors (0K)
 Metaspace       used 1811K, committed 1920K, reserved 1056768K
  class space    used 188K, committed 256K, reserved 1048576K
}
Event: 0.196 GC heap after
{Heap after GC invocations=1 (full 0):
 garbage-first heap   total 229376K, used 4475K [0x0000000580000000, 0x0000000800000000)
  region size 8192K, 1 young (8192K), 1 survivors (8192K)
 Metaspace       used 1811K, committed 1920K, reserved 1056768K
  class space    used 188K, committed 256K, reserved 1048576K
}
Event: 0.633 GC heap before
{Heap before GC invocations=1 (full 0):
 garbage-first heap   total 229376K, used 45435K [0x0000000580000000, 0x0000000800000000)
  region size 8192K, 6 young (49152K), 1 survivors (8192K)
 Metaspace       used 7068K, committed 7296K, reserved 1056768K
  class space    used 814K, committed 896K, reserved 1048576K
}
Event: 0.640 GC heap after
{Heap after GC invocations=2 (full 0):
 garbage-first heap   total 229376K, used 20263K [0x0000000580000000, 0x0000000800000000)
  region size 8192K, 1 young (8192K), 1 survivors (8192K)
 Metaspace       used 7068K, committed 7296K, reserved 1056768K
  class space    used 814K, committed 896K, reserved 1048576K
}
Event: 1.394 GC heap before
{Heap before GC invocations=2 (full 0):
 garbage-first heap   total 229376K, used 69415K [0x0000000580000000, 0x0000000800000000)
  region size 8192K, 7 young (57344K), 1 survivors (8192K)
 Metaspace       used 14399K, committed 14592K, reserved 1064960K
  class space    used 1923K, committed 2048K, reserved 1048576K
}
Event: 1.403 GC heap after
{Heap after GC invocations=3 (full 0):
 garbage-first heap   total 229376K, used 37504K [0x0000000580000000, 0x0000000800000000)
  region size 8192K, 1 young (8192K), 1 survivors (8192K)
 Metaspace       used 14399K, committed 14592K, reserved 1064960K
  class space    used 1923K, committed 2048K, reserved 1048576K
}
Event: 2.285 GC heap before
{Heap before GC invocations=3 (full 0):
 garbage-first heap   total 229376K, used 70272K [0x0000000580000000, 0x0000000800000000)
  region size 8192K, 5 young (40960K), 1 survivors (8192K)
 Metaspace       used 17850K, committed 18048K, reserved 1064960K
  class space    used 2527K, committed 2624K, reserved 1048576K
}
Event: 2.291 GC heap after
{Heap after GC invocations=4 (full 0):
 garbage-first heap   total 229376K, used 48082K [0x0000000580000000, 0x0000000800000000)
  region size 8192K, 1 young (8192K), 1 survivors (8192K)
 Metaspace       used 17850K, committed 18048K, reserved 1064960K
  class space    used 2527K, committed 2624K, reserved 1048576K
}
Event: 4.185 GC heap before
{Heap before GC invocations=4 (full 0):
 garbage-first heap   total 229376K, used 97234K [0x0000000580000000, 0x0000000800000000)
  region size 8192K, 7 young (57344K), 1 survivors (8192K)
 Metaspace       used 19013K, committed 19136K, reserved 1073152K
  class space    used 2635K, committed 2688K, reserved 1048576K
}
Event: 4.197 GC heap after
{Heap after GC invocations=5 (full 0):
 garbage-first heap   total 229376K, used 84453K [0x0000000580000000, 0x0000000800000000)
  region size 8192K, 1 young (8192K), 1 survivors (8192K)
 Metaspace       used 19013K, committed 19136K, reserved 1073152K
  class space    used 2635K, committed 2688K, reserved 1048576K
}
Event: 14.690 GC heap before
{Heap before GC invocations=5 (full 0):
 garbage-first heap   total 229376K, used 125413K [0x0000000580000000, 0x0000000800000000)
  region size 8192K, 6 young (49152K), 1 survivors (8192K)
 Metaspace       used 20033K, committed 20288K, reserved 1073152K
  class space    used 2673K, committed 2816K, reserved 1048576K
}
Event: 14.695 GC heap after
{Heap after GC invocations=6 (full 0):
 garbage-first heap   total 229376K, used 95500K [0x0000000580000000, 0x0000000800000000)
  region size 8192K, 1 young (8192K), 1 survivors (8192K)
 Metaspace       used 20033K, committed 20288K, reserved 1073152K
  class space    used 2673K, committed 2816K, reserved 1048576K
}
Event: 15.768 GC heap before
{Heap before GC invocations=6 (full 0):
 garbage-first heap   total 229376K, used 136460K [0x0000000580000000, 0x0000000800000000)
  region size 8192K, 6 young (49152K), 1 survivors (8192K)
 Metaspace       used 20153K, committed 20416K, reserved 1073152K
  class space    used 2682K, committed 2816K, reserved 1048576K
}
Event: 15.773 GC heap after
{Heap after GC invocations=7 (full 0):
 garbage-first heap   total 229376K, used 101879K [0x0000000580000000, 0x0000000800000000)
  region size 8192K, 1 young (8192K), 1 survivors (8192K)
 Metaspace       used 20153K, committed 20416K, reserved 1073152K
  class space    used 2682K, committed 2816K, reserved 1048576K
}
Event: 15.824 GC heap before
{Heap before GC invocations=7 (full 0):
 garbage-first heap   total 229376K, used 142839K [0x0000000580000000, 0x0000000800000000)
  region size 8192K, 6 young (49152K), 1 survivors (8192K)
 Metaspace       used 20217K, committed 20480K, reserved 1073152K
  class space    used 2696K, committed 2816K, reserved 1048576K
}
Event: 15.837 GC heap after
{Heap after GC invocations=8 (full 0):
 garbage-first heap   total 229376K, used 135485K [0x0000000580000000, 0x0000000800000000)
  region size 8192K, 1 young (8192K), 1 survivors (8192K)
 Metaspace       used 20217K, committed 20480K, reserved 1073152K
  class space    used 2696K, committed 2816K, reserved 1048576K
}
Event: 15.852 GC heap before
{Heap before GC invocations=8 (full 0):
 garbage-first heap   total 229376K, used 151869K [0x0000000580000000, 0x0000000800000000)
  region size 8192K, 3 young (24576K), 1 survivors (8192K)
 Metaspace       used 20221K, committed 20480K, reserved 1073152K
  class space    used 2696K, committed 2816K, reserved 1048576K
}
Event: 15.860 GC heap after
{Heap after GC invocations=9 (full 0):
 garbage-first heap   total 229376K, used 152531K [0x0000000580000000, 0x0000000800000000)
  region size 8192K, 1 young (8192K), 1 survivors (8192K)
 Metaspace       used 20221K, committed 20480K, reserved 1073152K
  class space    used 2696K, committed 2816K, reserved 1048576K
}
Event: 15.865 GC heap before
{Heap before GC invocations=9 (full 0):
 garbage-first heap   total 229376K, used 160723K [0x0000000580000000, 0x0000000800000000)
  region size 8192K, 2 young (16384K), 1 survivors (8192K)
 Metaspace       used 20221K, committed 20480K, reserved 1073152K
  class space    used 2696K, committed 2816K, reserved 1048576K
}

