# JRE version: Java(TM) SE Runtime Environment (17.0.6+9) (build 17.0.6+9-LTS-190)
# Java VM: Java HotSpot(TM) 64-Bit Server VM (17.0.6+9-LTS-190, mixed mode, sharing, tiered, compressed oops, compressed class ptrs, g1 gc, windows-amd64)
GC Precious Log:
 CPUs: 16 total, 16 available
 Memory: 14188M
 Large Page Support: Disabled
 NUMA Support: Disabled
 Compressed Oops: Enabled (Zero based)
 Heap Region Size: 2M
 Heap Min Capacity: 8M
 Heap Initial Capacity: 222M
 Heap Max Capacity: 3548M
 Pre-touch: Disabled
 Parallel Workers: 13
 Concurrent Workers: 3
 Concurrent Refinement Workers: 13
 Periodic GC: Disabled
Heap:
 garbage-first heap   total 274432K, used 159744K [0x0000000722400000, 0x0000000800000000)
  region size 2048K, 11 young (22528K), 4 survivors (8192K)
 Metaspace       used 12759K, committed 12992K, reserved 1064960K
  class space    used 1566K, committed 1664K, reserved 1048576K
GC Heap History (14 events):
Event: 0.667 GC heap before
{Heap before GC invocations=0 (full 0):
 garbage-first heap   total 227328K, used 20480K [0x0000000722400000, 0x0000000800000000)
  region size 2048K, 11 young (22528K), 0 survivors (0K)
 Metaspace       used 3754K, committed 3968K, reserved 1056768K
  class space    used 382K, committed 512K, reserved 1048576K
}
Event: 0.669 GC heap after
{Heap after GC invocations=1 (full 0):
 garbage-first heap   total 227328K, used 2131K [0x0000000722400000, 0x0000000800000000)
  region size 2048K, 2 young (4096K), 2 survivors (4096K)
 Metaspace       used 3754K, committed 3968K, reserved 1056768K
  class space    used 382K, committed 512K, reserved 1048576K
}
Event: 0.915 GC heap before
{Heap before GC invocations=1 (full 0):
 garbage-first heap   total 227328K, used 47187K [0x0000000722400000, 0x0000000800000000)
  region size 2048K, 22 young (45056K), 2 survivors (4096K)
 Metaspace       used 9231K, committed 9408K, reserved 1064960K
  class space    used 1142K, committed 1216K, reserved 1048576K
}
Event: 0.923 GC heap after
{Heap after GC invocations=2 (full 0):
 garbage-first heap   total 227328K, used 21640K [0x0000000722400000, 0x0000000800000000)
  region size 2048K, 3 young (6144K), 3 survivors (6144K)
 Metaspace       used 9231K, committed 9408K, reserved 1064960K
  class space    used 1142K, committed 1216K, reserved 1048576K
}
Event: 1.229 GC heap before
{Heap before GC invocations=2 (full 0):
 garbage-first heap   total 227328K, used 54408K [0x0000000722400000, 0x0000000800000000)
  region size 2048K, 19 young (38912K), 3 survivors (6144K)
 Metaspace       used 10139K, committed 10368K, reserved 1064960K
  class space    used 1257K, committed 1344K, reserved 1048576K
}
Event: 1.236 GC heap after
{Heap after GC invocations=3 (full 0):
 garbage-first heap   total 227328K, used 38557K [0x0000000722400000, 0x0000000800000000)
  region size 2048K, 3 young (6144K), 3 survivors (6144K)
 Metaspace       used 10139K, committed 10368K, reserved 1064960K
  class space    used 1257K, committed 1344K, reserved 1048576K
}
Event: 1.647 GC heap before
{Heap before GC invocations=3 (full 0):
 garbage-first heap   total 227328K, used 81565K [0x0000000722400000, 0x0000000800000000)
  region size 2048K, 24 young (49152K), 3 survivors (6144K)
 Metaspace       used 10220K, committed 10432K, reserved 1064960K
  class space    used 1257K, committed 1344K, reserved 1048576K
}
Event: 1.654 GC heap after
{Heap after GC invocations=4 (full 0):
 garbage-first heap   total 227328K, used 61440K [0x0000000722400000, 0x0000000800000000)
  region size 2048K, 3 young (6144K), 3 survivors (6144K)
 Metaspace       used 10220K, committed 10432K, reserved 1064960K
  class space    used 1257K, committed 1344K, reserved 1048576K
}
Event: 2.083 GC heap before
{Heap before GC invocations=4 (full 0):
 garbage-first heap   total 227328K, used 114688K [0x0000000722400000, 0x0000000800000000)
  region size 2048K, 29 young (59392K), 3 survivors (6144K)
 Metaspace       used 10220K, committed 10432K, reserved 1064960K
  class space    used 1257K, committed 1344K, reserved 1048576K
}
Event: 2.094 GC heap after
{Heap after GC invocations=5 (full 0):
 garbage-first heap   total 227328K, used 89332K [0x0000000722400000, 0x0000000800000000)
  region size 2048K, 4 young (8192K), 4 survivors (8192K)
 Metaspace       used 10220K, committed 10432K, reserved 1064960K
  class space    used 1257K, committed 1344K, reserved 1048576K
}
Event: 2.483 GC heap before
{Heap before GC invocations=5 (full 0):
 garbage-first heap   total 227328K, used 136436K [0x0000000722400000, 0x0000000800000000)
  region size 2048K, 27 young (55296K), 4 survivors (8192K)
 Metaspace       used 10220K, committed 10432K, reserved 1064960K
  class space    used 1257K, committed 1344K, reserved 1048576K
}
Event: 2.489 GC heap after
{Heap after GC invocations=6 (full 0):
 garbage-first heap   total 274432K, used 113375K [0x0000000722400000, 0x0000000800000000)
  region size 2048K, 4 young (8192K), 4 survivors (8192K)
 Metaspace       used 10220K, committed 10432K, reserved 1064960K
  class space    used 1257K, committed 1344K, reserved 1048576K
}
Event: 2.808 GC heap before
{Heap before GC invocations=6 (full 0):
 garbage-first heap   total 274432K, used 168671K [0x0000000722400000, 0x0000000800000000)
  region size 2048K, 31 young (63488K), 4 survivors (8192K)
 Metaspace       used 10926K, committed 11136K, reserved 1064960K
  class space    used 1371K, committed 1472K, reserved 1048576K
}
Event: 2.821 GC heap after
{Heap after GC invocations=7 (full 0):
 garbage-first heap   total 274432K, used 149504K [0x0000000722400000, 0x0000000800000000)
  region size 2048K, 4 young (8192K), 4 survivors (8192K)
 Metaspace       used 10926K, committed 11136K, reserved 1064960K
  class space    used 1371K, committed 1472K, reserved 1048576K
}

